E5AA72D4F35F91D0
9D68712E98190CC7
03FD985E8614200A
A0A73CF7630B1B26
A2DE80B6AA89AD76
FDC3BA2C714CD75F
B383123AEADAEE52
76E514D1CA642D79
4061A3F0B105B5AE
AF04D533FC93AA8D
20E7E5EED4327F75
AC1FC98C56BFAE2D
2E5DCB04C64512CC
72B3DD8075727A37
1548B29AE7A54B88
4C4A2FCA6454B41E
EAF760724C4E24A5
484A8E99E0E9CF5B
5F039A26C933BF5C
9F6EDEE5BB4543F6
002E4A858BDAC4C3
3F111E57648FF61F
8B1CBD7CC339BD0B
607ED34345641980
B5A610F408E17C64
261098A3DB3E9C0A
A2167B4F838BFEF2
8DC97C01DCF594B0
BE69228FAB8333ED
4043244986E87475
476662C862441F4D
05A42561296D614D
4FFDEE9BB4F51F8B
391621B1FA79EBB3
9A8A472CA60C0CDC
E17F6BF86A7C7EBA
E64CE627F7152412
53026DD483F63F6F
C58B0984AE840F04
B97913B02BA42A9F
587B06AA3B7E815B
777822F00557B769
9ECAB207F55067C9
1BDCEB573A155D9A
DC8EA503D571AF4E
E629CC6F403F7402
36BEFD9E21BB8AA7
050986896173B482
D07C871A0467CE41
4892E8B8F5C0E174
BF634E946ACD5EAA
2C28D363038C300F
3BFF7336E5AF5AE9
324F160A2162E198
7B5BF7DC2EE91802
00CC8E467A1194B0
F513185E9C28D29C
3C5207E631F457B5
A2483689787CA81F
9129ECBFC31F42E2
E611B38FE00C641B
8BC495F27125B834
9072F4A9DD1E5F5A
C60222ACEB170E83
46FC5BBFDC3C7585
C526D22344F1DACE
E811E52AB3BBBB86
5900082022C17E11
31218F193CB4FD6E
EF7F4D028500547B
4752B9BC22AAF612
8EAFB7495DE76778
74963F5F05BDB4FB
6C26BB63625DACE7
07F0E381A7BA538F
6955A893D911FF23
5FFD3F069D988527
16081B8F505ABB7B
7FAD35606C219599
5B7D022B7B2A81BA
AE3F84649139096C
B0336B5483CE959C
84B52EAA56199136
6183317BB2BC675B
CD06B744144B473C
E5B331042941AA88
DE9EE8A2C6B72414
C71481A4C69DE892
BD3B450373053909
052449DD01A26E24
9823FDDC1781537C
9DA6E7DF3CB915E3
E2181666F21EDF35
B0B4247B94EF3821
9D4549952C13C7D2
62B39076AFDC2E0C
A882831462E15694
D49FB8C95D3D9604
6198BCEC403AB2E8
6DBB0B16B230B57E
9540366F174F7284
BA417F1C2D544224
C432107F11D174E4
B988C0B9B93AA121
B31736F69CFA419F
BC090641045671DB
A80552F685B21206
D0A96AFB69833077
7AF57F63C66F7B3C
ADA54811A00B7577
E8D3056C6FB47D4C
2AF5B15967E93202
575F716EF3A537C0
F143A73E6714A674
8A1BC9E0940EC897
1B43FF5AC87B2BFB
56BD5A3FD1338A8B
2835AE026163E749
71C132FC9ED2CB2E
FAD16D4F9E7722E7
8C5F83E8BF3FAB1A
FD945BF7F1C74EE8
5867DB0B09378095
34D9690F2F8BCE53
5BE2CE1E0717129E
AC864572E192CB7B
365C32C044A6A261
4F01D24C2F3F4DD2
8914FC1DF728C1AC
9BC628B591A79693
F1B0B632EEA1F749
35A7AE4FD0E89AD0
8507FC2FF000528B
3F9F838F681D1DF6
B7DDBFCACE3EB8F9
A3013EA380D20271
696218F4A79ADCDC
EC2B12B2E43A4C99
BABE08713E9692FC
E4505D512A861F41
51B78A46DE7D24E1
355AB0C671430C67
BE060DCA92EEB298
06C104EA5326ACB1
BDCDACC8CAD5CB45
C87DBAD8E7B8A8E3
724F0F21A25489A0
57A2A3A77F641E72
08FE4C4CC53E5473
29F76B1AC27F2C17
743DE7260B8F9C36
2D5F0C1ED2E050FB
72A5C0716A230C1D
960E6AF4E0D04C0A
D5B1A7089708305D
81569D74DD82C7DB
B554CCD93F7D56F9
3D4D03F994B829E3
B3D699A32BC6C2FA
B16B864270A5B8EA
18DE633114AC8D37
4BAAFB5D274162D4
257D28E6C2DCC0F8
831DB5067D671449
F884240ED06A4B20
225BE4AEFF672FEA
1A2C983D14058FDE
C8DDDFC23B5106E8
3CF26E682A6E4EEE
709B1F3F5C6A5951
7CC95A2324DDE643
F8765C40D62D1A58
CFE1B745364D2499
768C9D28E4041825
1272B608CD53F8D2
EB8094238F87553B
BD9B4A61760FEA3D
D343A0AE4FE52D43
A14975D3071FD5B2
4326BCFE40D0A361
DF05EC41AFEF9C70
7DE9FFBC53E9F362
F6997D6F7B464C6D
11877AA9AC057879
88E18DB22818E550
A76CA13D6639C002
AA60A1A7FEC4086B
604CBAA3DB3DDA11
D7E361B1290BB8C5
36A355898F002975
E50FCF98DE71F5BB
F9792BFDD2A7841D
D4E9AADAE6FAACF9
E1F21D0FEABCA553
12D62FF6BB1737C9
CB882833D3848EBC
15BD4B1F0416ABB5
DCA5F1C7BC6A16AE
14A4A39C7F2FF322
22F1BEE5029C5417
3F18101A43AE3CA1
AB3B4797E1A5F303
C586C4C34E759945
A4EE4D2D26A30638
F6FEBFBFDA1BBD82
9CCB0F11D034FA09
08AB553E5222CE54
82870DB96AE8D476
5CC81BD78364FACB
2FCE778D5736A84E
E64EF0D0754054EC
8E1C476CEB2AE5E8
6BAAA64458113E78
EB43E5F253ECAEC3
FA94DF276F0D33EA
D2DEEE3B0F86AA88
B54D9775A75E1E90
9BE54BF3A759AF54
A4640E8E734DCD40
5C824BADA3359C35
8C9FC7CC7948500C
418E479D85AAFFA3
8E8FA34452E8DBC2
CB18E6BC1C2AD7BB
00464E5D5C7BF1E0
F59921C445BBD3BC
621045F35235998F
A6A3B06EC0D0770B
DF57F6329BA5FA74
9373C834FAF91389
5DE406C89FFD8BCF
2997758C3CAF3A58
B77961CEB644A532
515F3FA5C62DE978
FFEDB265D3547178
2843CF06D8E8D14A
9E9CD5A02981804F
AA27AD432B8ED6A4
2473358012BBD09B
4CA08FBBF2CF9E87
8EAEAD3EC9FBC77B
1BAA8262A109D2B6
4CA3CB7A81458A23
2901327D192651D3
7583964E4062DA65
F8BAEBE9491FC830
E7540492EC7ADFCE
3CCB37DA5F5EE326
C1B19EF0ACDD3C91
E6BE3790C28B3B1D
27B57DF8EB7B8BC0
FAA8620A0EE72A91
3D06E532B0D8316C
E4CFAE92581A7EB7
0210591EF6A9A24B
FED5CDCC90D7F5F2
2FDF61B6A1DB12A0
6EA5CDFDA3C567CF
D4530250726828B1
DC0C7701C7A3ED24
66E0A6ED5A7AD776
7084F4E88F1E9A4F
D00070684CC71D83
6A4E4E17D0B777E1
6C692915AE263916
8742DCE7A2A28761
FAEEE2F9798A98FD
5028B03CED127255
9E57026FB421F554
F88AE745629C8209
70BCE89F4594745D
F2B99920D74F53BE
BB6EF5E8704C5933
7A5AB0BFF2FD28A9
FB70013172E88F4E
F569638538F1BC2D
F7EC47310628B057
54B7C12FC7AF091B
D78770E01F7001AC
07AA33DC7BE3D71A
6C600CEF8D9520A0
467F3404308244C8
3DBDA0028350FFC0
A5280579FC0A01E5
D552B8DDBC7CEE14
BDA6745C3C8E421C
D07E52F0FF169E83
92347B0CB3CBFC0F
D78EA22C51DC706E
6F2FF7C1567300E5
FC77F3723EED0AE3
B85EE9F8E7E14558
8EAE57B03C93D280
8E1CE04F48EB8306
308FFBA479C6F328
D871B1F890DAF63E
950A35056632339B
76DEFC2ADD08BAF1
E13D519BC1B3926D
7EB158CE3C267359
E51C1E6F2DF6814A
03A584AEDA0DFA18
E3F0FC3F4A3CB16D
4EFFB5E9809C5C1F
560ED0A737D102A8
F7023D67F89F08B4
047564791DA8940B
2E5D4D7D99CB34A9
6ECBB4A7E1125F2A
6B2C44A62273A313
6577239FDC0F719E
AC9E046F9622F160
4AD4D1619BDBB992
038CC83559D5E0FE
E312CCAEEF1339A8
A949917ED9E224DD
40F2D3F528A54598
1B03BA6DD08418DE
BBF5C83DDCCEE939
71EBB16ADE11EE31
3146119524BF3BF9
CE963A3254FF9C22
25C5947ECD01B1AF
E9037FF7EF215960
69CA9940FDCD788E
627D21CC0A6A8360
D72EE4823364EF94
2BA0753CBE348412
67C6087B00A14B72
803F3469131DAF19
49BD830E1B3453BE
E1B13E6675DC97EF
D7E6E1921B064765
3D3EC61B5354AFE2
960289BB93A0C136
EDEFA227B1B62714
51C3396156BD599E
851A5D8606EE80CF
83B36CB6C40C63A7
5F4DDF378D07656D
AF4472FAE8B6C48C
120380EFA115ACF4
878A02401BC1B95E
4E8C07BFA34BAEF2
8B04CBD4471A6D45
DF17DD5F2D4D078C
FC3CC6FBE274CA4D
8CAE936F21EA19BF
2284895975FEFD2F
C004681FE09E554B
9200001C09E967FA
E817CF445345050D
F49E89264014DF2B
442CF1D9CCA0C5B0
570C36AAD075652D
AED88D8DDB3CD417
82DE72DC149C7C7C
B1E5D0077B3083EF
0D10F947D8B69078
92CEBFAFA0A528C6
B9E13A6E002BB978
FC3ADE6C0059AB94
4364330914C0DC8A
AD670A808CD27B7A
40A033D0C65F76EB
A8F3BA114C3BB8D3
45B4CBF80003A38A
82547E6661294635
A86C00562D6C92C8
FF0EC8F8CCF22355
5FB986437AD7F3E0
C1595C84A078FEAF
8B4EFA46F42C347A
3580D7D159AAA66C
1D379302207DFA4A
9DED571623ED605C
B449A285A121212E
587504D69D663956
49B34922D836FF24
B7C204243029BC59
F9A067CA647C51AD
C62A6E4BD490D38E
8A319E37A32E01EA
5715464F025572FF
BD83162EA2048623
4F2E0C155DF44564
80397A6C495C7311
068B982FDBB4C923
DC6266AD4F1349A5
A985E71D2A3FA4B6
1C6028CA080A27B3
9C9CC6640661FEBA
0D58AA484DB9A9B1
A25A31DE8D66F1C6
9AEF70DDE8B7EDB8
EE8E4A0BF2004468
AEC54CE1BB842CD0
24F0ACFE428B49C1
FC8367105DEE85A4
B68EBDA63A32EA31
7DF35490B9267167
CDC6641393E172AE
07E6EAF4852D1FD1
4C27E6551520EEFD
659D60199359DC39
69EE7CEA8C7550BB
0287BE2CF7F2B4D3
A9613C5ADD591A30
F47628F8417A083E
B20662B29FD3E14B
79E549FB543625C1
FDF63428463757B9
D1CA4C5CFE1DD82A
BF58EE19D33CDBB4
5BD9411B71680621
B828A9F70512FAEA
3EEB011145EDE4FC
2A0F1393B67987D2
0757912EB2F1C601
6357834932B83C83
F4FFF23D94E7B79C
8CEB2B5F5436B997
16AC004377136463
89B9A855B7A50046
9400562D816109A3
67425B71BF5EDA20
2E7872F4FF54BDBB
6C8B45D85608919B
B10A30ECDDA3B93D
6012F38E51EA8D8C
C9BE71C3DC9EB8C6
037B4D65F7343A8B
FB7AF8400A8FDD09
6238587B9CCFA6AE
DC4471DB1EB32BE4
45276FBF58204DDE
C8D4598D2E1C3215
13E6E9C4BE15A3CA
C8340CA5A1C4CF6D
299D0B2601024174
B13F4A59BB67801F
3B164AA59ABD1CB4
8BA243970C0C2DA8
28FDA1134172509E
2F79CC30428F6A4E
0BC8D553A54B4F83
210E8378B69B94C6
5B4611B2C8C88D9A
25F153D98AEFD9C5
32D9DA7591EA15F7
4697F300B16CF513
610D3420E334D5EF
1B8C59A5286FD556
509551B32E5A1640
7C5738BA69E3BA3B
CBA7F30F480815FC
74FC162BEC56BC5B
59397E104FD824E9
135E706A39C2C261
29B6B59A452CC999
0F10DDD6476FAE07
1C70EFC8E5FD1DD2
DDD7596CBEB430F0
5EFE22AE16C96F8C
4F4015F83BD0E00B
0E791EFBDDAAAF80
C4319C691F14B564
BEC36A4A0BB0663C
C1F543A6F47BEACD
AAD7528E05967DDD
0D3F36CCE6B574B6
608F56E26D137607
C75A4BF1F464785E
937C05C8C22C48AE
2C2E6CD3C89ED191
7A8322EF1217AAC2
E13EEDB811A4B97A
5F5C63D1C787049A
D153EBB599C8AFA6
8886643B930CAF03
ABF3F7CEBD3F6243
08A702A6C5B2C6C0
EFE570E7CD987F5D
5D7D92A0DD1CC9C2
BD36B113558C58F2
34942D42F0CA6AAD
4F8A34329040A71D
8E674A06836D0613
996ADC63B60D97F5
4885C636E3E48F87
EEC95150CEB03EED
117005D3E010B22A
7B68BE453E536188
E7D3EAA11824F739
9C5B2858AA5E7B50
8859E82FE02BF7C4
EBA5F0008E260E4D
80C64D0E54AFF97D
061D546722EC5077
EA995C344B117E23
6DF21C07E8E331F5
FB89D8BA4A9A08F1
CD1509A03352BF07
A2D8920A4B09747C
716F78BC1E48682F
E4F8E232DC056E18
95ED55EC47390D2D
7AD71E73F645F2A5
B164A72522D27089
364F12A2C176C88E
CEF1F405FC62A67A
37BF92B35517C641
1C00EFF755B58900
59C096A5BBC7AFB1
9856DB8E69E2E87E
66CBB369A792CBEE
923DDCEF72855F3D
861260F3482CF31A
E77E3597EFBD960B
26470E539B6FA395
9157634B03B0E393
1D96AFE7C4FFE518
58BD38F4400A7167
3DFC33E1B00D3FC7
779A2E76271875CF
D2B8BE05FF169D0B
DC73213DC8AE3FAD
558B26686743FD0C
106BF056AECECBDF
4997EB31C0658DFD
543AACAD0993B1F5
549B97021773800B
E247E3152A5D5265
3E9C6A131C420E9D
F6DBA4D260C6FF7D
E3FA392FC1897B02
5386B4719CE6FA82
39E97C014D82F786
87AE0F44904650AB
AED69924ED5F5E5A
69594088D2AB9C50
131DF21B27482CDB
8C1B5DF8A167A082
D7B7F1B4196DD582
D62F818583066862
E8B390B9BE5D0E7E
C03011BF96C680C4
5C1C39706402982E
B87FF764DD6548DD
B7F9A8F6728792B5
4E74733CFC036328
60ECE8A8F0DB165D
EFABC8295286B40B
8BE86319074BA343
A8786101F572553D
5AFC4D64B1494D67
FF92BEB0A1ED69EF
097B4BFD39463954
F22555F84C097D44
DF6F8F246049F8D6
FA0EE271955178E3
DF52F83A5B7D2A47
B7411BDCD003C9EC
4BAF9BD5400A05D9
BDB00AA0DDA4EE72
4E70FD7B0C67E623
F685A0BE8BCF5188
8EBFADC1592C7BFE
5A961ED2E4BA25E8
03347D8B513F0FF4
BF6D6EB9CB6876BB
8517381ABAD2E8A3
DDC0B7683717D59D
7286A5BA435E5CA5
BF90415A57D52A60
C7A4275096465BFB
19DBEE09E10E6505
06DA2961BD6B0D76
ED8E36DA878A4076
7552F24049B12DF4
E119EAAD8E1D1978
BF118CAA45215C42
33897E6B3429A049
C2D71E282D50644B
5F964210F716A547
14B668C288C3F3D5
25377E0A6026BC5C
D32A25600BD07383
881E30955C3627BB
1ACAC448B43A6C8E
8A4486FBFD6DD5D3
114B66117B4BF117
2AC5B1A4561230ED
A4FF6E419748B427
3655DD2CDA2ED6C1
4A52ECFB7BED6622
F7928C7656F2381C
7F36171F12716CCE
E0E393934F280DD2
E26CD4C732D34A67
B2810D9994626D65
516A8B4F29B6AA51
21DB20EB1FA53FFC
1C832F30BCAF67A5
45CE0439D1B790AC
6528E8C46F1508D0
EE4BCBC62725FD4A
4C7BEEC7857C3300
F590D8FF75E15381
513AF16C9CD428B1
98AA49140128347C
06013821F9983579
C5FA22B93F1FD32E
71C67D43CEB5EF3F
55382BEBC67C6459
30258915F57EB2DC
1F8E7A16994CC149
8B7D2EA6418C5997
51352C897D75568E
8B3A7BE94CDDBF52
867F5398A49F758A
491D0E5BF5F4BC36
6DC19D8F09484C89
5ED24855AD8E6C58
1237C1B39FE383C4
28A3E17C7AEEE92F
700DE7A3F880BAE6
02499EFF01F32DED
A49E3718102D2B56
C70B1B71D9E7B45A
485942419332C50C
FE04360B3F5FF536
B75E93A3DAB23A99
EC0CFBD24C04F3D5
1A6C2FAAE2BDB1E5
87559C92832C5715
EDB8F61603D456E3
07658DDD5177018A
D7C1132B552912BE
C2BE54B32339556D
A6460EC3D2658AE1
77054B15FD1F5128
A18628F16B903F13
C5568521B73EAC28
C2FA9FA45D75B2DC
E7E786A26BC131DF
992DBBF7A20224A2
A59430203F1A62E9
901800788F360AB4
F740EE90004406B1
417FCC5C39A6527F
1190C61E1C8A01A9
5075DEA56BE7DE52
7A0F547BECB392DC
C7DC3F7FD303ECD5
11CDD7FED7947E04
B11328CB69F76192
34CDCA773731FE12
00E7C5A00BD47584
5E4D76A1D57672EC
4BC425DE0F0EE934
B2A2F04DF8BC32A7
8BDC9560BC975DAC
7874AE9F3917207B
7F634CB600635F79
5F4DC2586188029A
50F0D4CC803EEB2E
04A01D93FDCA0DB8
64D0C69A013ED964
FB05BEFD8E707FCA
C6907F48FD5B424F
3B2604B957DCFD1F
89E9C6BB0DCA761C
8150DE7DC1BC26A9
9BA7ED5E457ECE7B
1B58E0B736635285
002F646AFF7F5492
C03DC492EC0F63A4
CDE634C6332A18B4
2187A70C1244895B
CACEFEB0A9693A9A
DE4DBF70B3E1B28D
37402DE676C7AAA5
F8905958B4A7D17F
C1B8DEF9FAE7D89E
48920467F9E3C02F
E9C29C9093BAC06B
32B9B89CC4BB8E3B
B1814E6D039E5179
2B69CA79676E4657
E559CC9050D7D70C
66569020BA620A36
ECE115347E679F94
2B3B2A7BDC296F9C
C439E510B1851BB8
0EFFD4704F949F9A
F4230A8BE95BFB66
1FBE3652ABCDBFF7
D63485FC2A6F4D3C
C240FE7788FC3250
FA9BBE6DDF732116
E4F9C91CF6EA4EC4
E21BDAC50E4BA615
DEA10159EB700196
912013077F1F4D11
995E17A883743E06
A10792677CA77CF4
8157691CA2AA32F8
18450FF238529BE3
1EADDCFD4C6EC567
539A9A50A5F8AF9E
0E7B91A8FBEC4A94
6A2DC641E62C51E5
79602DFBCE3A6AFD
2616123FA3BA3C6A
E38A9D18BF097706
00B1FC12C8BDBDBE
011718DE8F0C74E8
A5C28AD214C3FD7C
2C62458194137213
04E0193506961F1E
EAAD1A0415A5F56B
F885D298EB05AF18
4D6EDAF20AE22760
522907605A1042E0
DCB36E7628601359
ECC1A498341D6447
F7BE4080F7FC7CE1
E2D9960510149240
5C03A84F43BF8991
B1DB2CE1B8827BA8
1B6A34286EEBCD4C
EBF63322E4CA78DE
7C495A6623099B5F
972199161062CFBC
DE4CFA2D71B53A22
273B458338AE810B
1840E9E4C04A4FE2
3EF537195EE2A542
DD11A1D7307C2E51
081FB43789B5BF2B
47102889CDE6B3EB
AD192D37F22BC573
D151ABB3B460E531
AADDA6B609A07278
127185E22FB2D844
9F8CF383CB77B004
82705D02AB5B95E5
6B1B50C81DA162EF
090ECDA5D01B303C
805AFE14CA596CD3
F7EE5EAE0CDBD594
CD578172C0261248
82CAED1A33B4CD83
75CF83256F7D26C6
18829776AD60139D
741DD971DFD8D241
ACB929675AF76848
CE26F6B8267DC666
784B52A3661172DF
F49DD5B6312F4F5F
E969988EC2C3F307
AD9B4F15B88C8311
230AA315D5E0FCBB
86C86002D35B7FD6
99C6331D5E63F73C
00458A2511A437EF
C4D1621FC8E673D3
56A98D5BCDFE6829
A9591C1D7A30D17C
4DD8BA54CB997100
32F09702D3A44455
743BACC648DE0FF8
2D7006156CF47BCF
243A539721251661
FA06CF6ABCCA753A
EB41FAB105199251
3B77CA94F623C296
76D649A6FE16B90A
322226E68231D477
D30B5D45783C6892
5FFCF8A79E19F11D
70453A6185E580CB
47F9AAD4F18A0C07
B5EE7DF5E3CA806E
A0C32A34AC5B9A4E
3641DBDAD981FEB6
6B614520164A590E
54B5B341BADCDE0B
B2784627291B966C
83D050C0955B6C22
FD36BD84168AC609
0F2A8B5818405B7C
06E8879B115B57E6
B26C89CA64245FC6
289FA61B86D4304B
E992AD395BA9A430
D52B2006EC1326DB
9942B8B87D246D56
903693E6136B3A69
CDDE95073B936579
CE75BF7454C5EBA5
DA53A566D6921CFD
AF5F34D8EF0A0FB4
C9591275B7E86224
7D49E082D4AC9E2B
F6CA4D3BF5233CE7
1A44BB86271EBBB0
3AA7543D0D981D59
D3F451C7D93E9747
07878DE436B77D08
B248DB2E746FD621
699009BDF2C61452
28DBFE286622260D
91DD28640B30C2B0
BE2689E549E2584E
2BDF9F9637296386
C849A10BE8F137C3
6C7E07E94CCEE7DE
9C65238C70AFC8FB
FB2DBAB9F70C5E8C
4F485422270D0005
4067297A3D6EBEAA
57CFE51FCB3F6A67
28EC998BEDE881BC
E316EA4999034915
E195C8CC38AD25C3
E4F4CD1AB5233E6D
6D73DDA674B1184F
4828D9F1FF18CEC8
116A2D19C0C60F34
2C3EAFE096F5A753
BE59E35929B654BA
626B7A2643794AB0
3D63D6AD51BDB6E6
0FC432B3294EBA49
AA32CD2F4A307666
64EAF2AE748D5D2D
6A8650BC4367867A
E9EE227B2AEA6368
A7B1D38610A3D14F
B6A31987B3E3802A
78869EB6335CF18C
F1FB6AFC30C728EC
D52CECD0A6361215
469A3095FCB700F3
824F9A31A34F6702
7C62BC57105D6B95
731990F806254F77
BE1930556169673E
4C5E95EC82E3919C
5649A7B95CF017B4
57F6E8909EA65082
D9F9895CAEFACFAA
FE266A04A6FBCA37
74F2B66B109AAD77
E177D3446E7243F4
5331137415276DD6
4810D2C08B273D5E
A8A03607552A5F17
A67F74D29EC2883C
1CB31DF183066B41
37BA73280DCC9628
F1B6571AD92E1D71
C9BE07AF7930DEB1
55A92227D64A30BA
1D4A4EBE0DB43BDC
1AAECE81645FAF7F
7B4E1E9F56F5B601
6A6A290BA17CF62E
BC7DE61AC9A9722A
69E6595769B959F0
BA4D0F61C304B330
06CDBA1EB160BF26
E70A0D9F3AF8D96A
CADFF37A2D51F2AB
5C6B960915F74E4B
BA42BDDD22AD943C
9BA76C34D6FC001B
05CDC57761692634
E9502DAEF11F2285
E6FCE4737A66B49B
C1AB93E4838E85E3
75BCE8C862396AF8
F7C37B8952E1B311
F6E116B26C6DEE85
B42EEE2A1B1B5188
D1176B6E728AF4FA
160552C50E653C0B
E8A62D04BE844430
5E5B60717481FE47
63FAEE3F773BB838
778B69E26A676C58
817EB5FF488F55E1
394371D8E3573A8B
5D81ED671773EEA6
54478927F0CD7434
8AFB7029CC49D06D
FE44586196F475AA
67708C9759189717
15A9CF8D30364D25
A4072DC76314D6F7
27F2E34BF7E2EC00
E5C234259C177D28
7E5E9E70BD3E43A9
20AC1707CBEB5986
3EFC70E9EDC64CF0
89ECE29B10EEC9D5
9B35BAB0BD9B7D96
47645573746633F4
CD0EC8D01432D27B
40D375BFD09444E7
2595B6204A13EF92
C60A5AF9E8F638E0
A6899105950B1EE1
17C36B0EEE3BA5B8
2EC9A55F863AC10D
4519C7E3DC7C6AD0
EEE1EA9869189609
B655D0BC4157F23E
2DC29D8226637854
3347936603668C17
77627C0EE4283293
CF945413C6E12A61
97CAF39615F762B4
5EF054E392BE2555
ED8F2DDA772E8156
A88DC323EF7C85FF
0E51E7CC33716968
74938F498C884C39
572D33E74DC7ED66
DF0D62AD1422EC11
A30F0E8109AFDC60
CC6F473296BD205D
B39843CCB1EA045D
757FFB9A142DF5DC
AAB9AAF3A7B802E2
22BB2F85EC612F07
FDB052BECC91FE1C
4D75F43E92BCA3CE
FD3FED41C49C8285
6F6CC8FA29331772
2EF105D6E434F2B6
093E1F0063210960
CA9809B5A6623B21
02B77FA8A37E7FF2
CC7AE0A12F229C96
4FF5D8FCEC99BA54
46AEC3B02D882E0A
00B015B30413F9C2
EFEECDCF5004C7CB
7A643F5D3CBE57FB
07C493C540F5F041
D622C2BC3D16AAF6
0FD389EE07464820
230F47DF51618F33
7B46DD927B54A6E1
34C3F1107A663310
47354F0C6091F436
D98ECF36D3C55266
B92EB43FC7817C79
C83D2BB4A757EF0B
FB12FE5EEF086E38
122F27BD553D2F0E
38CD1D3C91067AEC
87048A9E8CC0886B
678FD6BB7AB0BB1E
A3C75D6CF8A0D021
24F7904DFB5F77AA
32DA7197FA3FD5D7
4562FE367994D3C8
09588EFC67E93723
F6660D69E0B6F0EC
AD23ADD886D987D3
F76D008BCCD327E4
28828B0CE88EDEF8
975D2E57295AC0A6
072265D0A2BCA70A
EDFDCB55D7D3E7BB
76AE503EB4295F1D
0086106511BDF91D
BEC57CB5B310C028
51E9B7281BC95077
9E6F6420CA662436
E95ED8CC5A89AC84
85C33BE9562A85EA
30893B06044587E0
EE2A449BCAA7D9BD
FB4DC0329B2277CF
ACEC23706E499460
C254FFD10CAFF809
D080DDED9DA55705
ED4E5E37CA201753
10AEB7B38956F518
76616FA846052E10
DE4673FE02C96B01
79363C2C4E607E24
217AE299E1600CF3
BBB756FC314C00C6
E121479F937A0290
D33EDAD705D8E4A1
7C45AD37E93C5FF8
78A05FFEA39BA610
A0677AA76DAFF499
4EF43D798E392BF6
C2293FD34305E5FD
FBD079E231F4C1F3
AE7FE851CDF9336B
455B9E963481C3B7
7894A690C22FBCB6
8F2E9BE3EB8A131F
697CD84F427DE922
4F3E0C5D98BE0E8B
EFE5971149DF9BC6
B89432E78F257F00
83B77909170BE333
FB3CFDAAC4B7DED7
99CED06B421C0B91
B1580C2B7C4AF25A
6433F76E7E239E49
E5526962143CC46F
00DD7C0D1259BCEE
95E75F36B14CB0CD
C4AD222072635026
B7BEA57707EC24C3
35A6D068318DF0C3
5EFAF2D5EB3360FD
3F2D8EF2E5AEC431
85920E41F343A438
7BCD16CE71F23723
D4D256529BD9C841
4DA1EE8325612566
2BC39CC26B916DF1
BF6680DEF9B34CCD
09D738A9C3FF0F71
C4DB585512259506
CDB995C254E69B88
FAF553F37335C7EF
E584F68256160487
FFCB4E00AC2A2BE0
ED8CD5C431231133
F84C9B045D336AF4
3991E717C3394C0E
727087A8A1328DEE
BDA7850FA1FE40E1
175F59D3F37F17B5
6A01E4F6B81655DF
FFBBD0798CAA2BA1
9FB1B5F1C76243EE
215340195D309714
4F5DB0606BFACC1E
622BBC8C5C0E6D0C
B7B83151E38E8DC0
02BEEFEAF49A5225
B2A19E946103A4B9
1B9564664158991B
9024D523695C1756
B820870084A400F6
C95A6597404888CE
7EC583420F457F9F
B67CB9D5D7070D97
70A2B4FD59750F48
B73275F3D7E4D908
86167272AD1419F1
7BD74A5B2E450071
90BEE1D6497E4C58
AB16E464A4CA3650
42AEB1E705C315C0
68C3B260C585D422
1F8C0B248EDA08AD
99329239A3FBA2BB
7F0CACAA53F11160
EDAED6A15453D64B
46C9D62372482D9D
16797B2AD441E247
D9A055F040885A5D
C14F8DEC157DDF51
DB65945783B1F7D3
53CFB45A329E6B01
10628967E19F8218
FBF04E62FF7D9F6A
638105C675FF00F3
5BA66E4264FFF5EA
A8EB3BB7E8B6589C
90B5EEEBE3049C9B
98C816CDB81AA655
BC76A99777DB5018
1A49D6C3E4604549
3989B7753FA1B621
498838BFBF8D3EFF
86FE367C977A13F8
6EB65C17DD7B1B6C
C641B6979A7897C0
6AA59E4253B4FFCA
3FD0F92596C016FC
7CF4B27CFA2D957B
35FC190662E8A912
E4B3184A108C3664
AD347ADE12A66E20
CB2CC71D8D1BDF11
C0DE64FAF62FB9AA
7335AA017289DC7E
1C76553710118E88
A250E4E0D3A89837
C926F7DCFC44EA03
22E3BC8A4FF53F8A
C7B9AE0803905C2E
3BC298262CECC04E
EEE6F90FF3A2CE86
ED87775962C4A230
2991AC80BCDA014A
CF041FFD689C0551
D304C20E3547C6FB
E6FCD528A12BE008
5DC5215B37F6C1B7
A7B1A35E6D670010
F98C47D67A6028B8
9E4170CE48E7F791
36B4E98DB1F70A23
DF10D71E04D27B65
E5C2ED01C5971642
99C65689F85FE3A0
BF3BEBA53E77E0DF
30669E44B29FEA99
C527413F7300192A
A90D0BC92F9A1D47
B56213A33D91A597
28317672785D14B5
4438CCBB769A813D
2FE923B6D5878FBA
015471E9E22752F5
E37DC88642C4922D
20A5B5B097F43F13
4F80950EF52341B3
EC647195671D8906
28D346B00DF0D9E6
B0DAD2307A4FC3D8
7EB36EF09745FAE6
90CB16DD57ABC3D4
3082A2EAA9122D4B
AB4EB2DE9B4BAE55
2E3C7FDAA51E3E73
DFBD62504E87AC3F
B171EEA7F612019A
D42ACCD3649C6CC2
AC7FBEE20EBB4601
868F05457C50CB2B
E476EB2EECE051D5
63F5AB3D02A8BBAC
00C508D4BABD5060
106241E966C563C0
AFBAFABE2BDA9035
CA7C7CC6B07F3ED7
89F2D70A41678F4B
A72EC821FB103DD9
C9E2F005EA52E2D5
DE4C0FE1DE37E6E0
8482D72A044AB968
CC9A24D182DB22FD
A61CAD76B12DCFB9
43B239C5C5F54866
7737DC0A29BAF37F
2E18DB8A374B85DB
835EDED941D422E4
56B38DCDF3E5ECD9
E54E01DE09B3271F
68E28F5B109CFB12
EA49F59ED5EDCFE9
72B8515D5C530F8C
6FD00A1F66E0E043
4A8419DA9A7BB19B
B665A2972A9E0791
01050D952ED2BEEE
DC74139DD7D899DE
FEBC117EF0C10834
F8BBB1CE64A97AEE
19C2F1F943CBD946
CD2EA1E3645C9686
363DC330E476B467
AA817D8338FCD743
67C162044E93F096
0BFBA94B368BBEC1
E05F874F1B2D5105
A6EA63D1FD665DDF
F9A4AFBB5D7A5ABB
DC2E8CF899BA77F8
67888C9CFF0BC7F4
6868882E351206A5
FBBD5FE5E5F21981
FEDB682B0703B860
1A79903405D714E4
6BCC09E897B9677E
256D4615ABF96703
B9BDA40A2CF8EDD3
A6E1C65CBC24EB79
8C7515051B71B015
41570175D3B41EEE
D2D358AF79CF63AB
9C41168DD8E4EB5C
198C820F108A89FB
593B53CC099219C4
85DEACC122C16520
DF49089E51EA94D1
A9DCC80FC8CC7601
AF1158F53F71859F
25D6FCE2E146BB79
CD1B5AB93D011878
EA8F592DFEB04F5E
8E967246B442B165
AD50551C3AC2C8C4
82A823A3256D6DD8
FC0CD59A5BF00232
55F201A30F044EC8
710ED9A3E19D398F
AF868B9CA2ACB0EA
5CEB416457827959
D2EFC1754E864E08
DF1041EAEE2BD53A
883CDB04EFFA345E
5D0CA55BC7547AA5
D949FCAD00E94027
60E744904BC43885
B098CCEEB57426A6
AA056957F91F1500
2F491F4F06D21CA9
7C2529783ACB8B94
A2650BA4410584C4
91246E46B0C31EAF
1930A1DAE8C58AEB
AD8BA59033D4F35C
DED5DAB0D6C7BED6
43E064AE4DB3FD96
998B32EDE843B273
83A9AD4277955F24
A76B7230ADF29736
9E7AC85F1954DDA8
0217161130F0B192
4F8ED5441E33EA7B
A8F1FA2030B6089B
BA5E856472F10901
692648F7C5C3DBA8
E331D313FBDCA2A4
CE9D6F5CD437EB7A
1A4D7D5A68ECF4B9
29FDC9533223C0D6
662FB927E64E0F1A
948F98E6B4C9EB9C
7EBF606A92985613
D17438F2C4645996
C88193B69809551A
0B28B3B045623B53
BAD20CB03EF91537
D14288AF41044641
83D8D70FE4468412
6DC38FC8DD40FCCA
D0462A57FFBA48AD
163B8937FBE0F186
44008DDFA762BBEC
31A8F90112B69FBB
4B9E63B8DB66ED1F
C32D28E7A48F2DBC
2EF7F240CA9DBCE6
6475067C5EB3CD38
F1208709738F1B8A
467967826A957AA0
EA194EA0F05EFB65
11C2D1C192EB605F
5F02B11AD7FC4A1B
D23E9B1FC9ED5D63
B32992AF2BCEC98B
D5BE5C47840415DD
74DFCBB44FEC1861
1BB451C56EB0A5CE
E345784787FB65AD
9A71537FA6690339
DA1D64E4C3EDED47
095351D381C139BA
91F62BB1A0FCA464
E8F1E8874A083F47
4EA25302C843A2FC
4E138691B72C9489
381C1AAD3BACDF4B
1A4F3E9CE7514239
BC4D19EA6E561641
11233CCF2D9FD7A7
C27F4DD9DD386819
F396C178D5BD3EE4
1353704343B62511
6D087B01185533DA
3231A499784254CC
29E4F90D350C03FC
4CDE40A0A30DC511
1AB48E2FDC1545B6
D82F759E7EBCC997
86F5874B4C206012
D78B5182C4839FE9
3F4EDCD8C62BEEBC
25D5DC00213645A3
D185845BD9EAD544
9831978CB6055588
C1C13C0207BB6EDE
2F21CBFECC9C7625
C673F2721DFE7A44
C3D40A0C212C7E66
DA05F358F26E2198
580BBCD8A437BC5D
A2FE4379891C538B
14D2637CBC4AAEC2
DED1BD5C19BEFABB
5BC599A90BF7B50E
E1A0D7A0FAD7FB53
1BC1E5C3DD8E7C26
D50FBBA67F213089
49450AC9AB9E173C
07328BEAB6DF018E
A187D54EF64AF246
AD9F0314002A21B1
5B9044CF1188EE23
220E98D761D34A9A
37B41539382B84BA
41E82A6CAA4E0AEB
1DD806BDEBA9877E
2DCDB96EC62664CF
2317CB7D4AE5F849
64722FC53738F12B
592639AB1FD0DAB3
9CB39E0F5292E9C1
0AC9060A0D2CE9E1
09E8A4EDA021E1E5
81ECE65E0F82773F
EE524147271F5E72
11A1988B544F2155
D19715A41A7EEA94
4DF842E2CCF4306B
D19B8BE737900B21
BC685F8FF00168E7
D2BCCDA5CD67CEF3
A7CDA77AF6289418
89879B439D704BBC
D45D19F401FA537F
7AF9BCF5C1A66376
F402B01AD1AC0CA2
B9FDE23268B88A87
B72141AB2350A70F
85ED2F52F5B7996C
AE6B462ACA5A1312
E6BE79AA28EE3A89
39E2077EE8C1A485
04C56C01805EA949
5A48B2FEF1D336D8
D8D7EA0CAD696409
B60854A8FE312843
D760ADAA4BACA5C0
CFD67D86B5193E42
6BEA6E0C5AF27985
A91631AF58543152
F29A02A9D36C47F0
A77E919DCD41E721
CF331FD887B30BD0
D8B0EF30B6F3CF01
7614E90267239F5B
9F5CFE51F6796015
9D6B5D67331ADEF3
7144DCF9FBDD0D61
DC491700B77AFC0F
7C2882A8AA7EB4B0
635352E3900FFF8E
66851D0788033260
FDAC2FE5D02E9999
CCAE334A8B23E9ED
7769B1BD01306B45
4C52B55BA2B6F35C
F0A21BED1DC28EB9
5C02376F2E8E8DBB
9E5DEE3246743EA6
5B54A1BAEFA3F4D7
5A38453C4AC68AAB
C3B971E6865398D9
5743973403B80704
1BF789210A041C9F
26FA703A1DE8A4C0
164E161335E44D17
DF41D20DA4318DDC
57F9B82755DEC328
387576E790C377B4
3D56469DEAA734A6
7A0D833D43CE09CB
F9057F9640B28033
EDC4A4E717ED32CF
2BD45CBF07368906
4C5EE3722940BDBD
EB783005A529BD67
6E83EC4712ACD3CA
D4134080F50A357A
DAD06D2CAEA8F8CD
860D6D9D52257FA6
621C5C6B9893B3E6
E236E03D6AE796F8
DD1EA1084880A15D
49FF69F409088525
6A6B57F5FE966020
BC3310F92026A19D
487DC0225A243D28
F9B3D7FB6AC24A23
17049AE1A1684C36
390543453F4A4942
96682706B3728EB2
FC929A8215A82416
10FD6FEBAB69C9B0
4DAFF29607F61D61
BC39412F7532B058
1A876BE08B130FDA
F21FA086800D7F3C
92AB90DB3CD10091
FD7DB7121AB32B29
ACD571C9CE021BF6
1E718178885C0633
5E865E40CA33E974
DF91C57E6ABAF5AE
FCB2E59927B8AFFD
34613B7145823916
70AD6D5C90F53758
A746E62DADA99515
1E28C1D10E3B53DF
19C9C118F984AFDB
53434928D66FECAF
43C57B49DB0301DD
8CE0C3980BA80E89
2CE09EB10225E584
3E6CECB85872ECF4
9DA8BA2F24147A0A
2247F774BBF56B3A
9D0D5727D6F8BAF1
35C4C6202979ECD0
B4433EF9FD322148
F48347C1D286119D
1B15F068962D3287
C9C6A1F2CA975E9D
676505F3C1462515
B3B031E02A85D8B8
6E4EBA67A1DE60AF
AA922876B7A0CD22
56A1E23C4473ACEB
3AF502ABC3522F06
A3B8A591F3EE7933
8FBCFFCC1CEA1357
BAB8F270822A35D8
B690B42C3D2F0698
FE5B626A0DEA8F8B
54C4FA86B487CCE8
8093BD62B3FCCEE6
5AF0B78990406BA8
BA727B25FD99C6CC
8929A8F90C63BDDF
C8FA6F4B7857D5D2
221D57DDB77E9342
F8CF2ED42F7BB5E6
E641F7FF2AE058A1
D6D997396B647A7C
81CE747F240B539C
51A3449DDCF74497
F68D59BEAD378C5D
C851994B1E9BEBC7
7125BAE9FEC11166
644F828C7FF34167
2CD7C76052DC87AF
1E53CEEB4045643F
5D9BD6CB7A950ECB
EAE501DAB1DED7E3
EEDD156B4F56F358
08ADECCA86537C23
EBEFFA856161AE60
FD8C622D562B20E5
3DE37E262180FB63
16EC65070B5B4A1F
7F3F8546BAB1C281
B31B8AF65C890C4B
4E6073147ABF16C9
3E72BFD8B42F96D8
1F7726156BC53908
1C5595E1CCB626DC
D42D1676FDA93F07
DF329120978AD344
AB374B6D527976C1
05F123C8E9E59FF9
B7BAF59681393E42
C5A20D908B8C5BFF
AADD55907BEA04A3
84223C65B6F94D72
AAE231302C7BBFC9
90069E3B7979CBA6
19FA75E3DEDDDA1F
94F027FF91BE1ECC
0239E2D50FEF52AA
C4B51F1F4ED1C5FA
5A2D9F78CE42DD4A
CB7A0C09AAA7FD8A
FDB09355A2F9129D
E9C77C2A618B6E6E
D0B6FC5B11B23201
598ADDD86AE453AD
CC9FCD41D12057F6
69F827A50BC26F06
97F1F2ED1393E899
4155355575096510
4309A154F4934CD5
725A6116FE539B2B
77A72A20400ADD31
8C67B58299E36BD7
6E0B2B5E0B815837
5C6BE71F26FE16BF
4286CAC11C6139D1
2C6D053F57942C94
CE178B93078E93F8
7D3D9AB24B06E97E
5AB5DED8B6C9061E
3E5C457F910B6EA9
625BD6EE33C1D8A5
D00085405CF79D1C
30EF1FC409AD4B3F
EB2F7C3501DAD13A
9AC1E2D74A06E58A
FBA1B4FB602ABD40
7169BDFE5385FB1E
C8B81163CD9BA0FD
3788E6E04BC17563
1E2EB41DBEB4D768
65E70AFE274916B9
0E03046B0AB06C04
10A5EB789097006E
D2A0A3C15F74F632
4C01EB00084BE8C4
D9F6D81A65406694
49A76D331A89E7B3
B4118AD63997A8C6
B8752A7D1C0E44B9
29A4659822CE8222
910E375AFF5B55CB
69474B2488494962
445B991A1B69EF87
6B82744496B91A1F
5CCB8E2C0D2A271E
831B3D41DFEAB945
BE95B34C28971B32
42111A72C1AD16B6
7585710E206F04D8
D984469F7414D664
C3BB80962F898A53
6EA5D218EA3A3B5D
C9D76D1C69347776
B594F3FA30272459
91B7C64D0108FEA4
4266331DA1624E40
EAE58AD44BEDB753
A97E9FBF877173FF
4B97B267EBBDC9F2
F27B0A4FD020D64C
02CE1C4946D3E6FB
AF816F475BFEFB99
078590A0A178E2B7
B49AC4721BAEC148
952B1D123B71E9EE
9DEDE836CD36FFCE
2CDAF47973362429
E393523FEBEAD40B
97ED3D1FF7BB9F8C
07F3D812BFF52697
1569C994501A622A
72CC08D7E45F6D41
E48F3D33FA666886
F72365C0D3BB39E8
CF98637E7111E4C1
A1E30194B1C3ACDF
32300D7EBA4E9D65
8E85A5B6D70B6763
D8B1E124290C6F3E
B6B93A70CE1B7199
9CDFC65181CC2AEA
C2DBB70704AC1B43
8BC49C370DC1C4AD
3840722B002ADEAB
9154A8557DC568D3
C0B1CE49A5656EA4
2057CBC3B6A9C18C
902BE43D150CD2DF
5C581193BB25E547
30F4471D5AD402C1
2706F547A3AFBC15
2CF7634D03C630C1
59CC4CB34E1277EE
AD481801AF6DCDC7
26A0B1DA6A0EBAA2
0BBB4467AF3BB240
BD3E1367C9FD5E5E
9244ACE147121C5E
5BF7C75C6F31E455
395D76054510BE04
21D237E01544D102
A73C0A8E86215AC2
0FDB8F982BF0BA37
9AFE97C3AD37641F
40B92D6976697B9C
F39864F689523588
A056265F89CB89D7
4238AFD60F4272DB
D65DB00DDAEFC920
A6503AD5F50FFFB9
F14A8A36E730B4C9
0D9B205325E71C16
BD8C1D680FE8E4DF
002ABF0E676F4DB5
BC5D03206D9BE620
91B92DE37AF059DB
4EAE6D6C2DD314EA
327C991EBB98CF10
2703A48537C99B98
DF97B7B3AB0BA95F
C0EBB6D89B4D5D6B
10FDEA7683714512
4EDD30C6A854E11C
223AD8AC3121A1D0
6528E8A41AC41737
FC32F62EF8973330
3ED4E35C4A97DEAF
E075FB75221AFC3A
7DDA7F1A43189D18
1777F7D5CC787633
62BAE2178539778F
D2A425452817041B
7815B0533B7D8864
6D36777C6E4F8C89
CEB6701EB105CE09
166654D04A0EC9A1
929513EAA6C83017
65EEF82B2544AC63
51E5FFA732772C49
C7C822667A8F469F
F643B08A77524E97
D6BFF8B0FB538F5D
37D55D73906CFF96
F50633D83F722622
9ACCEDB70A964A22
C5A40B5B72E9549B
FE6E30DC8F9C6DF5
7D0DAB379F9155A3
EE792A028ECE1A8D
B111B447B957CE3C
3E38A7E63F8BADF8
07E6C230459CD820
94C027A052565DCC
A8D79D62BB27AFBE
16018955FD908208
96F9AD9984391109
2BE68E5656E06EFA
CF102BBCE5948A17
13BB80432C70A991
4A1CFACDCA8561AB
212E485513F75DAD
CA5E4C285C0D7724
DE76C5BA163408BF
89FAC016D2E86E17
366BF6F932D66304
AACEB0C66F21509B
4272F75C8646AA45
419C1AA034EB3446
C927E5E7BB2A77F0
E61033B2416B0431
265137A5734F3EF6
77B9DAF216069D81
EC8197D1973391DB
8A76DB9DB0752FB1
329E711766F67105
64A146AD6B4E788D
74228D11C418AACD
E4FA0485B2A5071E
955D9ABCF4AB88F9
7ED982E52B7A39A1
364688E50A7C1B86
ADA8DF1663F81DFD
CA40992B003968DC
48D6FA80478691AD
45214EBEC8A274CE
7D0AF1661D15A2B6
9570D0E09571DA53
7302A8983CFDD0ED
011427C94D9699B1
829446EED325AD02
D21D74D1A5B1F671
72945D7E6BC776C3
95E2D08E08861B6C
CB01C3505BF361E0
27315FBE7A599A58
58BBD573B69EE5E8
F47597B0F50A4E01
DBB76AA9CC2C04E9
08641D221C8D772A
3B33067834A11998
269115B7A4E6F5F8
DD4EE6573B631E98
4A7F857B0742F35B
518C036B32664643
65B09CD9DB11FD65
5428A536F8BCB5C3
054C02E83378F5AF
7D31E142AEA47026
6409FAFAEEB85FB1
0D36FF8CD5D98433
D972BF5B3A15A6B5
544AFFBC359DCBFB
AFE25230E6FFDB71
2E5655170CD21106
B65BDB86CE2D1F2C
DB1708E9D8084B23
B08C251582D0E1DE
FBF3217B3A8FEFBB
3902743D4D458DCD
7F52E41274E23612
DCE1E15B5BBE9307
112DCDFC98BE94B2
914A6CF604A33EF5
B9A583F68B7A0331
628227314583B329
8F0904CC2A04517F
11744AB71FE3775C
F2E48E6A8FF685DC
ADD0103E4E4C4569
EC38ECD48FEE6278
A565BEA498339136
8C5C50729316C869
05F2FA41ECF3F9EE
79388C7B350E8CE9
8F229242B3BBFCC5
B5877621755C11D4
927598A7A69C1DA5
4E540FA67E72D458
D48FEFD50E10690A
C77D808B0E8BBC31
BAC2E57DEC7E9B7F
09BE9D130BF1C0FE
6515B6E96CF661CA
77EE24DA4467A777
291A05EEDDA1D4C4
0896985745B0F6D0
4E06AE670AF8FF93
2BA6B18734451733
22E5FC9964E5B741
BB94E8E4AFF76670
BA5EB7D59CC8CD65
E3BE25F745B0C593
897A23315CD912F2
05393D58A2AA3E5B
6DD714515815C36E
EC480F252DFCA938
6548379386D6E093
46AC9B3E1CD6CF63
EFCBEBDA30D47481
9BA4C1462F6E0336
6123031DB9F85DF3
4216C90A79C0FE2E
B6999C1011992A87
E0FA9D48E93C3440
D55831328E4E5B6D
90774906111B0527
133F9D5C41F65EC2
7AED7A606D0D47C3
403DCD115880915E
685BE852A60EC9AE
8F2F08FE99DF343D
0C17752E865E33BD
AF292DF27E2645B3
154FC97F1986E13D
1FB8EEE9A4F116FF
7CFAE4DF8A121AB5
F5115CD0041229EC
A4016B32EF9740B3
2743FD99D433D884
078AC01FC418C975
C68D477F666DE5C8
FCB9D2E871087E64
65527E7840A66693
C5BB39DC2829FC3F
D23D7FA1B19339A6
9E8A5D365CE90CA6
88A58793EA5CB0F6
FF1DBF724E83E880
354F6B806F02EFC6
80989841CF9AA70A
5D06F8190A65710E
B367A990348F663E
B87ABDBEA90DBADA
48B2FF1146C9D16D
BDE9F2483D680794
8D9E42E64BBA4FB6
38FE3B8D5B459625
DDA31E875091E59C
8412C7B3FCC65772
4B74A5D168914C92
BD735AF44339051C
32FC1AC98CB19590
A4B8E7E93C03FD11
4DF85A265DC27F0A
05C84CD585BDBD08
68AF3B64ECE864A9
38E925417DBAF594
9D98AEEADCB8A3B8
5E9ABCBC24AC1122
CAD0564633A35F43
C4B185FF957E611E
EBC1C26DC1076F96
87DD761442015735
D91B0214E3F6F056
4B0AEEC4821CD9EA
F3ECDD3A3A6A48FA
25E4FB4A67D654FC
91C0F95836F6F7EB
0BFE0AB5EDF22EA7
466A8E8ECBA497DB
7EB700A6BCB030A5
33DE8745316D5A90
00A0324A3AB5E7FB
A56D701B4827E9DC
414CBE1B77EE8F66
54D200EE367BA9FB
A895A17F20E22572
E10474A1355F95A4
C6AD3B6D5810F476
8588FEC0FA3DBDD1
32BFC633B1406A0B
7F52F0AA7F2058C2
E6436B9A96D5AEE5
FD69E2823D9785AA
D68E9ED07DC056C5
E5050066696D7100
AA9D36CA55662CED
4B3BA659AF6CCCC2
E4DC41894A0B89D4
9F2B158E6D6F12DA
45D681AC3FBF4452
F34923ABE419ADE0
8800FBB577A795C7
819148591F13977C
7D1F8B934FF18A3D
9B83C0A4884ACD8F
071CCB097CD05FFF
A52D4E347B97D295
77CEC53FB8D44D98
23A380E087D2DF6E
6B5697EBD7BDCD58
7E52102D626CE963
33D045D1594ED637
2FAE5A07AE47735C
2DE276E60EE9E598
5674ADAAA9DB9139
ED72ABDD5008D4DB
F186D900B43DD075
5A7290C85CBCD419
3A379BB94CA5F12D
3CAB8312D8479FE9
35E3F3D3EF03C298
48B9EE66B34980BC
AF9491E7DE1B4470
BA884A3FD04DE289
8A5F626E75439DC2
A741CB68461D28D9
241F28A149102499
32633B8932A677A7
AF64D81B39904267
D887AA1CB3F74CB6
0ED5F8D789D01316
D4C45458E2421B31
81176EEC7AB4BF7A
A5EF14404CF8559A
5383AB1AF151B084
5BEF8450428049CB
DCD2BE18CFAF30D0
366AD15885171559
401B0D6B81EC2C29
717C73B25DE7FAD7
89ACE05C4C0CF8E5
7A9F6F545871B1C6
593844D9D52C89BF
3866820249628153
FD15FBB4A6172612
71D4D5A22D539536
1690E9163DE4782A
58B2636709C308AB
8940E5C0456177C3
C60A755346B658C5
BE444F01F19D99FF
46BC246144C07B09
137E9643D91946C0
49562A499122DC0C
5F6D8AB5FA64BE1A
B5380BE214F1471A
6ED529FBF24465B3
C66FA6542738574B
BB0FE4A2391D3D42
4BF15BC68455979F
BB47AA61331DDAC8
72A658876253DCD9
0C5FA9C72173A1F0
1B57FA2412D65AB7
8FBE0EFF7E281849
4A61875ECC8978EC
D8FDA6BE2D717F72
C1EE66D2D9BD36A5
3B5CF278333EAB11
75C3F9127EBD3626
3588080DED1457A2
665ECA9490F70DC1
6A887853655BF38C
AEF18BEEE76D9CA7
ABA0E972C185726C
E1ED1C48DB07BB87
3CC769DDF64E867D
65F44762F60D2FA7
3E8E4F90CE38C77B
7433BD2A029906BD
418513FF3C1523DB
63C0E39D1C9CA6C5
F9DCBD4D1F2CC9A8
E96977CC2BCEFE37
11466DC4B2DCF353
4825730994811AB0
039D377BE994259D
11739D4212AE012C
33A28AA76842173C
33B27A62D5D08C83
7B3AAFD7817855A7
AC87946D50E6FD56
9D984BAFEAD2C41D
D88BA19D378B30C4
E4DAA474A9B0F042
FD5551C3700685D7
C71A7825929001DF
7286F418B3BC5F68
A219A34CC713DD4F
9F932B3D33DCCF6B
6254AA08080E8E3A
11C32088D9557FCB
A55FAF5A524643FE
A0C431D4718F4A83
0A95D1021CCA80AE
ABE08AB7BAAE486B
29E21B3B6985F761
3DEC136B4737354C
620D4DC8261D146F
4ABB9A64AF5D421F
D70CB029AD2D8501
CD8D209966B676B3
0C4684133140D698
E8E2E9E3E4EAE332
3783ED6E5EB0B437
84EAABCC9E60E20A
115F1082F1FB6842
B7A00EFC5D61DE2C
D5EF7478D67CEFBA
B405171F8537C434
6A9B0FFC6523FC76
18EEF5E4BC369041
8AF11A6DA6BEC3CC
92CB527E83F8C291
AAAE571211176F30
602D9CE3DD72F51C
826B2B8EDB213BC4
ACB934E235E89133
8C5E71E70CDD2A90
842CC8429D02148B
EA35D3EEE05D43B7
4719E7B09677A75F
E17BFCBE27D83BE8
6A5BA52E57AAEFF5
AEA7AC285E70157B
CABEB1820C6D7B07
BE17A86079E7F6DF
2F613A9131680CCE
8B6C9C324E6BF233
FF210059589C57F1
0A9701A70ADA2E8C
8E87472D9CB255FF
94DA507EE47A8CD7
B4666EF9581F8DA1
3504253592E4C571
3C7211545F4F9FA5
1B78C33000215A08
E595F0C15293DF90
02A5BD28B82CE237
1FB06CD99C2B6083
8D8680C92A0F5F3F
348A76B6B4BCF95E
5EB26D97D6A29617
C22B05A29C978D0F
2035D476A969DE5B
3457B06B7217EC61
CAE0AF9754BB674E
F7FE0AA5C86C51D4
8E6BDF56ED5908BC
55C8164714DFD9E9
DA453B2821FF0C19
624EF9269819DB70
BBEC1571472009EF
F9C9A875D719DB70
DEC7E861B6DE9C7D
ECCAEED854516EE4
D04FF9479AC43793
B8DD34DADE68D426
D509C3C9F6F496FD
A25664C17078BA2E
9A17DD65DFF7F931
F989ADF8DB79B835
B806D2BB524920BE
E6561F7DE3962ECC
1715509CA8FDDC8C
86401E6A9466D53C
AE7D888EFB4A10BA
79D4CEEC271FCB57
1DD9A37B3B3857B4
C2B27F808E60FD30
0BC849A93049621E
9E5CF7C9EC9DA9BF
1BADFD219F88BA62
847065A76B81346B
D8EFBDD4E7C644C2
D4C223ADAD92B64D
7E04C2F6004F15A1
A188E84FEFDAAE46
C334CFFC5E6E6D81
12B8CBED76A339C2
B586437A366D8453
A92934FDE5FAE0A7
D7B5F886C207D205
8CA357CA01191DBC
6EA825DBF40D5319
2EDCE341D11733F0
EBA91D657BA56C0D
A51C0B038897A2CB
ACA2CFA50B27BCCD
A62F978D4E2B47EF
F7016E9E27AB5A53
A2790260857AA541
23A4B652CC1F06B0
91001F97FB143232
78C1B307687833B3
BB3E93C0CCB2D401
C00C1B790B44311A
995375B6515E9233
97564D59BB88C721
311E0ADBC906D7A4
830BDC3F5D07CAE0
AAEA8AFB06664930
4EADF3620E407932
D7980F7EC00B6C78
D493D08674698C68
E2C14B053A0CF78E
B28BC8C9CA973249
809EEEB0E1920B47
29F7AD884910857E
61D60F3A57618312
9AF276B659A4691A
0B499244CE0142A8
84AE50EA9F0481B9
C09570BF137950A2
A284F8E4377D388C
CA605482C5C7D459
76B602DD40D24ED2
0EB7559B09013273
32F1D8B507C492D5
B81BFDA654B15FFC
624D5A7109779914
D6586DA96C0B920C
C70095A896CF1531
B43FDA3ABEDEDFF8
63CEC07E49F8AF0D
C81B7CDEE3939C5E
FF40572369107C6E
625A6B1E65A74DC6
968CEA1212042C2C
0A491C0FC61FFF5E
B14E8AEC6267A7F5
3F253F03F59F45C6
2DA7BE834C6A36C0
3B2BEAC05849AD8C
ECEA48027CA1AA4E
631B45FCB3FE2D7E
D1118C19CB271630
6D4F15F9D9692A0D
3BA711487C292039
E8EF84A266904499
A36A5CEFA29376CE
6C4351A35726A193
AAF333914F15A63E
92DC002FDE1CC633
BFE0F8F2A37FB96A
551373B47C8751AF
AEDFF618330A8E54
1ABC1283920E411F
77A55515B2CF725D
FBB9B41A2800414D
0C20BE04D29CE13C
7063F4612B6E10EA
72F47A2275C6E3AF
BCA6B6757A58F5B3
8F81198AC9040D57
2999ACCA4E02A09C
6CA64BE577408ACD
402E041174552806
13C7D2810CADBCBB
B1789C744EAD96E8
4F1510C17A075474
3A2D73116D68FA45
5289A46D0AD3DBF1
E2FB266A6473BF63
2C13413C7370AB85
9119F5AF4B3B3DC5
E940DF2948D3EE72
4070277C4A3FBE87
2FE25DA46B7ACD8C
E57603ABDEEF0371
90F756DE516FC184
6866B6F233852B2D
7CF48A72285C6C75
80E795F2B82D3A3B
24189F087F1BA692
1EE2F241A83A535D
2526AAAF842320E0
365AF998E029888F
EED2462F7B4EE089
07DE4D6F4F548A19
4D6583F70AC506F2
0FC18C078BF2C11F
614F8F19C9F3A886
29EA4B95E85C4EA0
955A032EC78E4296
269B2A0B3B272499
E472860552B993EF
0981DC8FC82E015C
C2FC45D22629B2AB
C5CD9BC0DD604734
FAC662AA56D69335
5D8B9F991C4B57A6
487F833987BBE79A
EE0F68B1E184E770
D61ACD2CBDA6A442
54B1AEC98F002F62
5E185A4B5758DD6C
D3F80864C1D1F68B
33D3307196D73FFA
D797B0F6CAC6E0C1
4E4DAD05CC0B400C
62011D1866DE25AD
E8380E03A0E16960
8E520324C29A4CE5
9D0E3A97484C3178
4EDC55BD1CD365CB
69EBDD73FA664459
13835097B09E2B04
BE64F26CDBC2649D
39C18AEF1BCEFF6E
13BDA8FE1EFF664B
2CAC0C11BD91D6CC
D9748C57A0DD6318
37767C3AE5331584
B8087BF90765DD08
3FCC7ED69E5E3E5D
53286BCFCDEE9493
4FC11106D52B8C30
BC5166DFFC0E69C5
0F9F63A1AF2EE158
28F5F4F097B38FD4
1016ED098CC05816
E596105522708F84
3E239BE70DFD1178
E71DB76444A71465
FE02CFF0093539EA
0485E1F1A8469C93
45FD7F8965194215
A18519A1A5DC1A5D
1F92FE0C4CBB3D34
8891D23446DBDBCA
75E52927D1E2E6F4
B93E2EE4C4F5C3EF
4EEC28A30D578C87
1629903F9F99DA85
E57F8D168E23D5E6
C6DA56487665B34F
F02F4F9F0FC40CA4
96ED2DD1C008782F
FD81F7AE0C726AEA
4326217BEFADD6FB
126EB1D7E43334F9
67CF0762DFAE0673
5A8838A942E4C370
F0D40286D4B5ADBD
179F9C1254A6D35E
AE14DD0FAE60701B
906C4382B2E0BCAE
0D200FC2C4F47C11
28F5F9FE1F28A706
E67273483166705E
75367BD7A2949BB2
2E6A8FEC38E8A200
418C3E7AEC86C39F
2AF1AD6E414CD935
CAEACC208AF4AE7A
46B2C3EE38359E54
F567B9912187E81E
4969B31AB4F62677
52CDFEA611C6F336
B7CE8A02B16C82FC
95669C6E241CDAAA
2EC2BDBB11D81F27
43509873662E796F
81011EC0B374FEAE
7E53D5FBB8489EC4
12FF291F77EB021E
4D9D50A1172686A1
CFE70517438B3714
F7B104025FF203BC
B8E6C6863240B9FD
364333B729307B6A
4BA2C167B8A2027E
2BE1AF8C56D80861
C1A0F192AF068619
ED42AB40B929870C
AF70B0F54FFB164B
D2A34D40067F087A
D3694F531B458CCC
086D054864FBAA02
9E3D6DAB9708DB4C
414845DCFDE83E22
658E582CE8863596
2335155AD01E73D6
71A4CBD65886B1D0
8943244CEF41EAB4
07442D832E6F7B0F
0BEFF50B81923E92
68C9A7761280E9E6
DD570F6AE5F36021
0E442370ED3F73C5
57F67F45AB9EF397
38C17904FEB33D51
440C7C65F4D145F5
6A6CFC3DBC4C74A6
2EE62F1CA39687D9
644250167E8F7375
E5ED039AAD6741A3
1FA91F2EC4270DB0
637DA503B764E7AC
747BE491C4A2D563
926003B209BC030E
D1F7F7A6534ECADB
4B6C1FABB51866B5
7271D4408303A8DC
3EED9F890C6DD952
4F1E0D8F4FF53323
9BDC9C8320E17429
25A97A6E05DF8D1A
EE3B1082B96FA560
2E04B7BE27AD0D04
AFD431A4F71638A3
B13D460AE0B33449
12FE9C104388A457
6EF5FF3282C02E12
FC47DD0FFE4C9979
25686A0EDEBD28F9
D91A081CEA3DA79C
63AC06D94722A4A1
5A1FAE0B1193D858
80EBABDDF9CA6A0B
CA0478800A8555E7
A727524B27DA3181
338D60EFFBADFF86
33FDF1CFD38591C7
F584318E6FF284F2
C3B73A6100AC6F06
7F53A33FFB371EB1
D9F880C18F2DAE06
FBFB7416EA72736F
67BD8E03DCFE9837
77B099FC0CA53DEF
17125E391F5C6BAE
FEB18B215E6BB022
0A45E08BBAC4469C
546CCECCF8EBA819
C0B75F0476BDD943
4BB75B87DC0103F5
7B8DAD051463AF13
9DF2BC3D6F83300A
923D18449F75660B
18F896CF84571028
553B23C2D734053E
D5A1361DEE6A7DB0
B1BC717B1C9DAA93
BD0784F32EB66CD7
E549194333849A13
47DDD0E0A9658618
06DE94EAEDDE4727
664BC0D20A44ADE0
0D9F91BE8BAD4AE5
176A40584F8AF6DF
9FDBDDC3A32060E5
642E7490114FA9FE
4C969FD9D64F4185
639EF60B69746031
92F15E47368660CD
0D5F5FE9DA5B7EA4
481C5837A46D644A
88C3016BD909355C
EA4CF4AD0EC55541
0A8480B616A50088
55DFE3306329FFE1
3129CA75BBF7D565
E94BD780B8326607
4C8F2E9B5908645D
AFF0F1CF24966B18
21B27E3988D685F8
D70305D7C969142D
1315573E319BAA98
5547FD6F7BCCE2CD
FC72D197E5B31F2C
259C5A479B7D8B20
C0950B2A8D9C0DFD
BE7B38B3BBA1C329
5EA80A306BC956F5
D0A40C5822C828E2
F1D4DE53057005AE
5EC4991E0A4DCF08
179D6D55520FAFA5
BA354AB18B8C832A
4BB01C854909AA99
5940B61D782192C6
DA38CAC726D9E329
C9DFD0802883A261
5FAADFDD4911A282
ACD5FDD79A613035
1BAA59F3836DD340
102663AFD2944315
4C49A93455BCB35D
AAEA0A6701519CCF
EBD0F13103083A0C
75A49EF9F677C3EE
813D1E9B2C1EC1AC
84902AF6B61258B3
6AE7D1F294F60528
DEFFECF3DA56A58E
AFE33C8E66D7BB45
577B920B4675B832
1EC95973359C680A
B1702AFC2C2062B1
0A29FF40DDCD03DD
FBEC7130911AB035
DCCADE9D126C632C
7579CDCA544DE44C
2044902FC839D045
C37AB2C40C4CF3B7
EFDAA272E441A2EF
1CE963C225D893DE
B566B811EE0B42F6
3A8B46CB7BF3144C
6F5395A0F8FCDE1A
9646C3F7A9B7DE34
FE1BC0FF33F99DB1
47200F4FE3C9E6A0
121C309B120E6BEF
0EA0C56402C571CC
86242BFEA9580BC6
C007B740CBB8B1A6
9D571B4B749A0E9F
CE68735D42B1386E
43E3464C636A7ABF
9F1C768B7327EF2D
8D4D32A1FD91A1F9
6CAFA8D4F7D63697
B6700A96423BF15A
2EE6E6EDC330EF98
52EF28EFFC873BF8
9683720340EA1ED6
19770193A6663ABD
5B00F713933B1970
6A78E15A4FCAF024
5B78EEBCE18CBE9F
BC5E204B65C9D817
8053B24299E6005E
230E456A01476019
75BA3713BE9BFB87
C23E3EECA5BA9541
E0E936B8395696D7
EF6623CD32325965
AAEB883C060B82A6
11C0476A10437757
61CC97AE87C22D21
1EB1D1DD8C83B9C0
D0359277B587D5E9
3A4AFD2AB3570089
FCD4FED5B24D2441
CEB26D08297463B9
0CBA5C007726DCAB
66360DBE1F9DFA41
835E08A5E722119D
0FFD62945ABA9B04
F798F4E213647822
F2781256D47E81BE
DAC099A7691B2050
D119B3B449F71E2E
83376F561B7165E6
5B56AC3350F06600
C9D9D8A87DF0051C
C111DF90EDBE5FE7
B5481554A8245D9A
BE950A154544288D
11CE9CDE7E7B4276
496FD76186FCC841
A73EEE939F7E8103
9BE40E3B5DEA8761
3F856A4877C354B8
38B460088F2AF57E
8B5907D446055980
0A841C04100A42C8
78ED742FEAC764CE
36A1C2F45ACAE378
A145CFFAC6B8F119
A0E615EC4E2C8E29
E1E7C9FA9DFA5CB4
709876E96D6BC6FD
F721F708897E1FEC
6A9BA471365314C7
0CC1C13DCD9DA51F
5A2358E004B33A88
578AB1E966130248
4D81E2F79584476B
69A26346369E819F
377F113E5F74099D
2D25F01E87D6EE17
D1CE78B99DA90251
90E321679DFA238C
80725288D887E1EB
E7B186BDD4262EF0
95D3F4792317532D
E37CE4C8B22090C0
A31563F512BC53AC
FD7814AA52FAE3B4
DCD90A1BBE6F994D
829DC27C10AA2048
8BA405333A634449
3E9F9FBC981CA715
D0E7C7246B38677C
252417FCC1343706
19B92B3D3FF00490
B2E69A0261793BBE
0ACC0F353EB17804
8134938920676D87
985B0E34256FDC9E
75A96C6277E63BB6
6687146B00043E70
870A145CC8402F61
7EE69A276CA727DC
D6C383FCEBE5343C
B9C5E550F0D6C668
4C56D7FD08F9CD2B
1C235D0C34D587B5
E0F2A9154F4E577A
0143B72B079CDC2B
D470CC01229616BF
B9C2A7BC1EDE04F9
FA4BFC5E81EF119B
58DA6197B1D83B0B
2FFEDB5A79CC53F4
DDA496EE3B9BA2CF
663B7571648DBA53
26FE99E861A1C2BF
B48B6BEBFDCB9DB6
FBDFE9B2EDE57656
7D08B5A01D18B5CB
4BC3779E948BC873
A94A05E5D5922FDC
042F892DDB263029
3028C6834DB33858
89870A47A0364B13
0F89A20DD92DC70F
270CA97F1F922E69
6C14269932387315
671AA4E12FCFB662
8E8DE47D1B703E07
FBB92FF4C4428761
B378C5A3CA5EA4DC
E95BFC1AAD49D9B5
C02FCE2EC900733B
948643232939B216
4E048869B7C92B03
9916F08753B51F34
BCFF3577686B9BDA
B2F25CCDEC610F60
88BF415A1891D7CA
DB45EECA5EEB88A8
386221D6D21FC36F
9714A4156ADFF1ED
CBAD98439A40CCE7
4713FEBD3591E730
DCD1825099721458
BBCA7394480E4BA9
BB205E11CF93DCF8
8931EA3FA00CCAD1
C0F27107147C5F46
E1CE7A91363ABB7D
96CDF983B714FCC9
609B5D461AED33C6
8470D4E99B0FB08E
8A3F305DF29E2EDD
249CB4CE9D9E3BDD
F3FE8604242F27A6
D6E260E180BAF84C
F8DE73258A8FA745
F76BDB1745FDF733
32551FA19D5866F8
A98CB5088A3F2F61
CF42DD15D117F221
2D1D9DCD6477275D
68FC5BE857E39E53
2B9933ECDB5CFA54
A30D6E978846B3C0
5AEE5471C1A1C223
C2796A7F6976DAF9
2343DCD83CE60D6E
E6FF4EABDD84E927
47D118877DE87CEB
EB6A00823E68F110
B0A3839968CFB95E
8ABC95630C477EF6
446258303976F571
F898DA77A5661FE5
05671EE31EBB75C3
BE36F82FF80306A4
8F6A2119766F2A93
7F82C8E943FCACF5
0FC29F63D21C582D
1C10231F71051730
C3ACE744D69FA5EC
6985D0FA36B501F1
E74881BB21CFB350
7A138A630BE7EED2
3188979A14DE2529
8D8A8F940DDB1165
AFDE5898784A405A
A3CF3682D778986E
EA95EFB8DF337ECF
981B168E3C3C67AF
FC94059CF8962E12
51B5C0576A67D471
81ED75DA3BAB31B4
0FD7E0CC37267735
C4475063AD32B522
1C5D5E59CFAA5073
00B08AFCF5AE7BE8
9E52AEBEDD7DEBB8
F56B5EBA4A0E66FC
243D7E993A404388
D246A66CD88B8C27
8D333173F147033C
FACDAE4491C1E4DD
64E9D44729358698
B45D3187A00FDAA2
CBE15870BB9C7B22
4373F232B8500591
A13B0B188EC5ED75
7CD14EF812D1B557
2F042D3A1C2FC648
350FDA922C418D18
5187513675EB4E69
8B94DFA906682068
D78145B52F566F71
97ED16B8B0435D35
EEC70A4186D4C828
A55EF8E25C0DE850
8716DAAD29DA7133
B3659C0CE4018CA3
448B697E50832533
4D9695B353E64AA9
F7DA711EC6CEF27D
B1CFC2196F6263AA
30AB0DE20157B25E
9C183401669D460D
96145FEC01F711D4
767040920EBF5D27
F0DDAF49B89E9413
385B24BE186E90CF
E0969CB652039648
65BBF16DB505BB47
A530CBF1533B2E75
6E5034316DCCB9D4
53E47AF9482689F3
A67E4B7C2571F59F
432E97AB3A5220A4
DEAA9C8A6F20F93F
60808D1ED9EC0798
5EAD9E84A89FF7E0
89874DF64B6AD666
2EC68731C64209AF
FAFDAF1C04A61FA4
D70BA5F40F79BC83
BECF9A9FD2D0843D
C1AF1A2CAD71FA6F
26B9BCF24016C138
CE7B760CA50E02FA
C181DD626EEAD679
A146E0102ACEDBC4
6A4BA302D68F5034
67C945450B216D6C
7B247945FF68478F
D2FCCC341B146E1F
A6F4C13B89DDDDEE
F85138A4348FB7BC
83AD6FA77FCD0AE8
5829D550AE03F42D
BB53E9D7F535FBDB
681A95F5CCA221A8
B74F72C8868DCBFD
E7A8A39CA63B5C62
230946BAD32019D1
6C14E1070C626346
410DD55801A82611
85EA0CA6A33BCDB9
349219E70DD5302E
1E8CFC010AE1EE7F
BF15CE7EC8005F87
0114AF4162CBD15D
26CC63CC07926BBE
CFA73B4610D1A0E3
65A4459A226170C0
DDCB78B38A29CC9F
20336701F40BF6FC
CE6E190E4081C4D7
94749089D726EC81
25F7B02F5213168D
9E7E56432B11068E
C3408937A95869B2
9A55A37F350EF86A
3C9AD061774E3C7D
6D7A6C91DC606909
08DBC3A57A112D27
6F68FB89BE654A52
36706DDFA9399C1C
126733C8E6F9215A
AB6812391DC74DB8
6296D570F041F0CC
97C693899FC2C78E
53305A2EC858B9AA
C0A7F7F5A9A7B0D1
7F7676C48917E790
994ED14F8FCD5CAF
5266FA58103BFB8E
39953E887668FA43
1740F9B03D403ABC
5CF42B9751D0489C
3D36B1DF1B189D37
8504D1ECF5C04138
FAB7F3E9845EED49
DBC021A54C2A0435
D2D9013A25650C76
BC9255828C7F4E73
5F19412EC2A77D59
F180FBA4C8E8A1B7
CAACEB67C25DE438
85478CEE1B7F1656
A52B530F8EE5B660
C1D3A0C8C4A37966
B5AFFB41F644CC1F
FA72A6CDA7785A9F
C140B3333DBBD379
BBF2DDAD69A41B16
FDCD0AE1B7596F11
7EB01344450BC29A
CA871F8E4EEA4AC3
6D0383F0C701635C
5E5326A947EE17F4
2A6C1E3E704A7E98
EE8A10079A88D11F
A5FC38C57E0960C6
06ABBEAD080F3B8A
82B075E3F5DB035C
9AEECE655048123B
3D7C38ED24B07F6D
3AE4814B9644F814
BC8C007404B8C737
C13334ACE4E59343
74FABF3E85ED980B
AD718F4F1F6FFC1E
950317082EC405FA
4329B06A20B5967F
85485C6964DDFDE2
46F99CD6A7CE6A18
ED6D4151989194DB
AD4991627A43F169
D64C31EDAB9A445E
D9171845410266FB
9779BCE83B22AC67
23FFB5D60628A9FE
18FB185DAFAC0F6C
F66FD3CFB8AED49D
2CD4721A5880D896
6A86BFCDA357D618
D541E9280B5F1692
6197EB6B4A0562E1
C19DF3211277D4E6
FD6009CCAF2C13A5
1BA6394F9360255E
210B3819D70CCDDD
F1626E8A11B2B1BA
B1F10168C0F5FF2C
5879210FE0FC2469
6594DDD5E5285D25
4528A26D237B253B
D566DD21303AD496
D59B9584FB7DFAF9
C6E8C0752853724B
6974B477B16D233B
858F818064709893
E7BF9BBE4A54DB32
C33A7CD079A9A733
D28BA4B2E99460E9
0D0474C2DC4D0A0E
2A79EEDE6B6B8C36
1853A34EDDF63CD1
EB424164A54D35AA
B394898A16EFEEBE
EE0D650AF0A8787A
2085D8CFE156823D
F2B8171B565B77AA
C415A9590663E4A9
918014C58D74909E
5723F05FC03C7D0B
2FEBA79DF774ACB5
EB7934CADBF12042
8BA28F3AC10E03F1
2C25B5D61BD6CF12
8C1DA031EC4E0261
FCE5D1753D1BF7C2
0670782E23BEF06C
4EFFEE81BE0FC55B
F2F0CFA3260E2E23
139D73F544932521
D3A5831AF1486C10
4B4363BBAAAF9FA7
1A24766EF64AA5BF
4666FFBF5E135CCA
5D15AF6459B4AB45
2D82B2CE7F34FD09
B58866EDD169513F
6F246645F10311D7
3C22A0660FAB7F31
E1E74775426E9A0F
D5300C1AC13DFC02
D299A9C025C82BA5
F3B4D968C7D331FA
D588FF6171D251F7
865562D5E15679E1
F8B4285BD4E4EF82
154A66D2699CD246
C43C5072C94DF4CC
7BF4C5DA549A5239
4E9EF8AA6153A361
0F17DB6388507F9E
764C32E0007B5E70
D27568455D96B5D2
87ABAB4BE5974F4C
DF50EA31EF84B312
30D1909F859890D4
1098E8BD4D38C46D
714778C2F8C536B4
1AFC7BBAF896B905
AA9A053F2C6E5C3F
696144D0E6F7DE8E
DC316FFB881C7DD2
83E8E2C85878BB68
44A3D960BEC68806
6FA347D3B37F0907
FD7AB0D0A1E97BF4
B7B7F3BA51F1F83F
89559B04FBBB4DEF
DC0982B4CACC386B
A652369EFE8AB710
F9F7769F11476CFE
FFD95939D02E0643
0900128317CBBFCF
B943E5367BF67F6D
553A36D5749EEEEB
1C136185988AA73D
CA0F80CC3CA69700
087498410ABB99C1
2CC32928A2E20715
FBBDA933F2812833
060918581C15AA86
475EF0A450A64EA4
B033438780EEBE79
70DC1EB527156A02
B401DB6CC2A9E847
EC2DE7864D096C4E
4D251A4EEB1E5C88
2D1DEF4A4B27AFC3
D500BDB0FFEE86F7
379B45E6AA5A3CA4
FF8C59C86832D689
A1FF153C6F51285F
313CD1BB7EC03B4F
299B807D803FBB88
1E1FFDB67EA2E33D
BD7C6C085DC877B3
7C8751B91257A983
B7C121049B631A78
9382655DEF2D21C9
C7BFF7B3ABFE1465
6B470FB45F7FCB13
FF5036DCD7FB00B6
344819A81A99F468
78AA2BA3516FD399
6BBD4DAA7D3CAB2F
E60A52818320E48B
E36215EED944B76D
CFD2B5034D59830A
AAA85B9492F854A1
903E164D2CCBCBBD
9AC26FFA25020860
9033C1B0BF411300
65B1EE0AACDCB702
0546649C8F2D44B4
75534960545B85F9
8B520BEF1581F0D0
5ABC82753ADFFA0D
CA5896512168151E
1382A2406376D501
F3AA55AD8C01F9D7
DC62B58D8347E94C
BD9AAE087FEFD059
5A69911418E75016
63D7DEAAB9BE3329
E5A0D5E2432C234D
99FDC122E8168ADD
0C371CDB1DCA3BF8
549F1BAA122E2A6C
3CB321F1D5D4616A
549BF4DA01562776
549923C26AE2710B
9D32B61B1E56E558
F91A360333C29D32
0F732304856390E0
53596EBD99C9FB71
29A3216FC2A44D43
DDF5CD97C6BFED75
1EB95340C746D426
288F474BD87FBEA7
F508CA8B5B203ACF
1AE606D6CE2F0D8D
0EC34BFA008A4682
EE71C4D5826A2CA2
A4CBEC2BE0756AB0
54D9ACECC9D4334A
C5D4B23F26615366
FBBA9EA517334A11
01B17A05A9374683
2BCF27EC85E52B42
4F4ECFCE601D57F6
84170D261063674D
27C193DA6B361709
AFD0500C1991B471
ABBDA6EAAF1547EA
510FA09B8979EC7A
6B8B8A0AD7227ACD
727E3B9D4A1F0064
8F62388B09BF3D38
3ED4D5ECC888A216
B0BB1EEC5A9D1C82
EB49DF02396B09B5
FD23B22B41E75687
1CD0D070DD4DEA29
7149D05E67667431
06D7B7F051A3B8E6
D5422883206B0BEB
79EC4BD7FC5B6358
81BEC6D81D98123F
264862470A24A554
25A5A57E343F3645
0BF4FC6716DCA978
1E78ED675ECC6453
E15618885A311F01
CC504355A79C7AF4
CD138DE2AF7000AB
BCDE19B435833080
624EE5D1BBC8B1F0
A441B5D8D12FC242
392149435B68407A
99C7DC4A13E2B8FF
E491D1720010EE05
20EB7F887746D351
A35B7DBEE619F02A
CA911D433D6182B7
E3A9C8CCBC9C5204
C6A181E8F32C2BBA
AE443212458A3B9E
B262C0BDBDF58D25
CDF7517B8C231E9B
A9929715C108846B
8BFD8EF69DF69F75
49F759CB03E9FCFF
CEC9EA66D8B619C3
614FA2D862084ECE
71CAD36D7FA4600A
9E1BEC13B38E00CE
5D8DB0136282930B
454A3A5A2B5D2DCB
26921E80F6DC89B5
9A79052DA5B90E81
0723925ABB92D9E4
37734BA79B67A89A
7360BC1E0734405C
F9719E988D8675CC
80B3C8316471EB78
98AD0F9E0B951071
D87A1BC0A229D833
DD6CCB74633AB8F3
DA58EB072298139C
3A3E61574AC53193
99E24DAAC84279E4
10CA9F72C981FC4C
FA6911240A975290
3769C374A22343F0
31B48E38DA54B055
10ECBEC155432EB5
36AFF87C170DDFB3
0F32E179538F745F
241B451C0D3EBD9E
72841D29C2ACEB3D
A532535C0817E8B9
B76FBF20BD9883F0
EF89F83B204D32EF
56AB6098633036BF
8F27BC24C2999417
8772D588DD80E4AD
22269F94152D1D51
760AE6268A615AFC
026E415A2ADE9393
7BD79FE30FDFBEE5
26E47F22B955AAD7
9101EB18DCFCC739
E452EBB48FCCFD71
57CADE7D3229BA44
AC8BF5EA7FB616E7
9976043DC9E27A1A
9F18AE3757A94DA1
917C1676B22A04E9
3CD92CD93684E458
55D8C74B3B5AEF50
D884A99AEBF4AD51
97BCE999E646078E
64C37CA2855C6243
40A465892F1C1776
1B09E44D51045353
178F2AAEF6F7F8FA
10F5FD6EFC22D3E3
B9866101E5D7E069
442A97CFB4A0C56C
522A0524D70C7D69
4D1E240AB4C7F7AF
B81B5A2FC67CDD90
C12FBCFC70C2596F
235B0DB3D86A0C01
5127B62318146444
AA9409D48C1AD221
995B5B3B379F7F9C
5829ACD1CAF6E5C1
24F1E75EE39BB346
46F4BC0B817F916D
8E47DBEDAB8AE0D9
EA50C3727EBB9C3F
3DC6CF8306B65488
DA6D9254E41A9FA3
F7380A9902163E3A
C906E158B8457BDD
E6F9811C025FA81F
04C7D02A9B8BE66E
58B431C4C5038182
D9A0F0FD019F533D
2C98196D4531F52C
B1B19EA38FE020F9
26A0F59C0FF46FE0
ADA80553AB2AAA96
8E606985B7A1F449
B7A8D218CA4E3120
BB46FD21143CEEFE
949874E4899E18ED
F36EF4DE52267B2A
D921EADE5D3F3743
9E81A01E7B88C10A
E68C7C3AD6A26E4B
9381FB925A4E961B
9570F1A389CEFA2E
BFD8CE70FA52311A
A212D6F0E3409B7D
7584B8D9BFA39CE2
15C569618E2F3DC2
BD9E24C339ABA29E
C5B39410DEB35AA5
B421F3490DA27678
45AF7B22B274D558
2C16AA7292458ABB
3EC69FF71F99C41D
78871F8A656B4BA5
8C362E80B990A55C
CCA58A3F162DB7A9
D0B7567A0F5C3CF8
179CA77619917468
9FDD4EE635175C3C
56B58465D8277B03
3FE40CD0E79C8A86
AF0B1F7FCA869B72
D317A04184274DC2
3DDA3041F685942A
474D9346A19A4989
FE33AFFA1C25C4DD
9530920E31D22F76
9C2F51A0AD31862F
29D1A6CC2883568E
B2F097B8B70D4221
CC07D24EB979D539
29BFBFE8EA1F72DB
7CB99E9BEAC3127D
EFF36BD4B1771023
BEB2957A1275C7C1
C228331DE13FB75E
A7FAAF08DFE5A98E
51A9669918398A4F
F0866217F17BDF5F
BD4B045E08134B9E
948E2595995D4CBA
A97950325C13353E
EA186390AD5FB943
98FBEEFC4FB8905E
5363FBD9C9B60127
C52ABF6E4394FF5C
4A61FCA3705AF327
7E1C975A7D84BD25
A3578C9D2B25E51E
FABA5CBA6967B769
97B9027210DBD173
B2E76DEB4BDB76F5
98DD6A0140672599
786E6BECB4CC2C9C
54A25DAC8D483421
A1C4A3E69C9263D9
B06C32F882F83F52
72DB7DAE729FA530
18F96DDF907ECD15
966905102F44021A
B9F3146604B0ED4E
EFE4C7B7A52A57B9
5BC5EE1864862D15
98D52D5BD48ACC6D
7A62F8FC9A126B13
5DA34B341EB31075
AE1E09F0E3EA994A
0231389838B618BC
F7FE581BBDA0DB1F
6CBA48C5BD950C8E
651BB887B6641EA5
33C23B5CAC6F9675
C7DC8D64F7105F15
B83DC9D634263B13
CC13385D9A1C569D
55F48527B60DC6D9
3E873B1800D4EF54
495361E84D2038BD
07071DA29974D58E
1EF1F3BD568C2C95
3DC6B622A529FCB1
0D5EA13FC9DBDBB9
C0F9749AD5F00EC2
7F51C13E02054BD3
EC52B040AE716643
8E347E3D3181B686
0FBD62CF7BC36E15
26A3EA220511AAB0
556A2ECF97171BAB
07F7E10363CB7F59
C7CCFBC3A81035CF
511576B18D9E29D9
78EEEE949199668E
7AB43476636EC0ED
85120D51EE64E025
CC8DB086CB67B600
5BCEFD9636EDFFE4
6133A524600A38E5
82C0377ABB8CBDE3
D28EB681604FBF04
BA42A564E6B6A652
3C0029A48DC52724
C5F29E1FADDE6895
EA55FF1631C75FB7
2191B91A32BEBB79
CF85AFF04D9EB245
5C096EF50BA8B657
F5D4B3ACFB95A12A
218D65026C0F1D37
9DE265781D6293A0
1B7BCEB0B2334A05
DD6FC95812124D1A
BCE1E8A190387C01
04C0F2D009469151
7286F69C9C4DFC22
D4B48A3521FD0DA8
408AA7D78ECFD234
8026F5CEE0AC70D5
C854C291571A68B5
6057C0E96FDD62A8
7DB5CF547B4EE912
A17442EBC7A79156
786A0E9AF937C82C
8B258E760DFE270E
95897819144A02F4
09B73598314CA611
7B7E16CB9E55C6AB
2220B8464156EC91
A13724163BF3675E
21DA730DE3D80AF6
478316F1ABD1FED1
7021B4E8BCB254D5
AFEB700AAE121F2D
DE965B987F7B076D
41E169751EC2A60F
DC9C183319944DE5
5279F68BA6EBB1E2
5DFC184E00D989D7
35500E880625209A
0E0C201F79A61D64
1F3B08DD43A39FA6
5E98B30FD9813E30
BC444C391EC9AC20
4A7CECFD5899B97D
672B0865B1ACD97F
E5B60D75EBD02E77
2542D4BBBBE4B847
7958884F78D75DBE
325B58B90BD766FB
CA442E2D3CA6D504
A1D2F5068BDDE765
B5C4D08A22E3E045
DA4BCAAFDA0EA222
201E6BBD76D1B42E
A7533619E2F1477A
DB4E2EA8349ECF73
6F7CB09F756DF1E7
7E7998229FF536D6
E30DE809FF7EBB81
07ACE2E316EEE218
D25B35B06298C5FC
1F2AD6F2330559A6
8AD19193615A556C
6E4F72C75BA15E25
55D96A596C800EA9
23A105FE84353704
2DB512234FFE9845
17A08EA23E78A68B
D5328C6C6FBB5D59
FD4CAE493012714E
02ADAAFCEAA4D16A
0567355BFC8BF19D
A6476B49BA86BBD5
770C4B84956BD13B
FC42EC924E9A3E28
C759D594EFC08ED6
98F588FC32B56AA1
9FDD883ACBA2C415
7801914D952E8C1F
9B51CFF5F9FD905E
23BBEBF1A623F59B
1A399028DE9CA5EE
9D685A2CAD6AECAD
4BAFE34801A3B793
BE047C8B0FA72893
B6E8F7AA61027563
8BC010EADB07DCF2
193EF5D4673E98B2
FAE2B2B087CE1889
8B97623E25E3A192
FE4E96101F3F8F54
A912EF56E082D543
A9AEF5333F88124A
02D284CE2F13FFF1
158FFDD865E4AC71
F00CD3B681396983
CAE68662D9761917
269F786B4A91640C
A4E731B5D0B08607
5398EED25A5CFBA5
2FDD2771A732C7BE
F5F3F0DFD4BE7087
CC65A9E092A641FD
D999D1950A14E3C0
9B95A3EDC8B036A7
98A586DB83C56588
7D0893D05A51B3E6
0FC71AF1C6D40ACF
CE37393E71602939
C469873C6385050D
50C079F1B08197B7
C95BEE41744A07D3
B15C89960B8791CF
F55E7FDAD31074F0
79D924EF5F8B17EC
641440BF1C4012B8
223B5F9D15FDB891
6D6C30252F262A87
884DA39934E8B350
B1994CB005CB173C
D8BFB2F0BCA27E72
BBC14A019C731E9C
1CE324F4C0BA40AC
F8D5B123759A3DA3
4A59E4C47C5AAF29
27502B2FEA2D3FCD
FB033B61D23BAAF0
2B1BB6F245BE8FD6
507E4787819DDCE6
F55943A3BAA86A6A
CAB5D137A3FE907F
EF5E55F317ED9D85
A1D15CB0BC32E9C0
4D833E26864BB926
4FE2ECFB6CF1C421
5F5662157BC98A7D
2B34A6262C5B7A0F
14388AA51EE86C99
D4CB60EDA169FFE7
E7E343F6009EC241
F3369D10C52C0081
1930D5026EF43419
129A17C2E0CA4AAE
7E8D5F29AE768193
129059D32C509AA6
845D1A9CF1E271A3
B9740B4913FDF4CC
602E4A3E321FD349
FBE6EFF9E8181156
D0042A87C2F0270A
34D693182716CD30
E21B673148B519DF
F3C4787DE310C23A
956A5187B9DA74B0
465C2A479E0F8431
8744731455B386E7
50DF67CFCE325D9E
F02B72A4A0CF81D0
DE6FE7E209B3A6DF
A85A13952E6062AB
9798D189FBF5D005
472031E66621EA40
50B4F7476F48EC4F
A0F862DE3786198A
E94D5D70E5139C45
E35A154CAA610651
99287845DB7E0215
59303D12D22090A9
DE655E1074A7B2B7
0F55DFCC030CBBE0
0E5F247F99901746
FFCAD385374ACB88
63342073D30468A6
2F68E50F0A7B048F
96F2D7095535FCFE
02AC2520E058EC0A
9420322A19030382
AC1E962B8EAA3F96
8984227B62CBA74E
2110C32151EE4454
D298F0D1938FB34E
F25E09FA1B2A81A5
4EAF2E11B04F6255
8F599A816CD34586
713C10F159340D92
D6923023CD508744
E4EF6F9DB5C14B2D
1380E113EC99FA22
66399016ADAC08A0
73B23DD1C1F33EF5
0F1DA562A2C069C5
6EDB50D0C1C2E827
3DF81469CAB451B1
DEDAF154E1BFBDB7
CF41CE1725F4C041
D26C05F751632FBD
865E97E00D069AB4
34034779A580C772
F6B18912D4759552
3834119503953383
B9B4B97D1FFE77EF
FCFB12F7A0D64F9B
A2B7ECEA9338EE55
265F27F7474891D7
C14081BA66259489
AC2654D005BE0CC1
B466CE694D44B61C
D5B062E5C3E2CFD2
1C77BD342517DD1A
90466E1BFE337796
B697705A371BAA6D
5A6FC15150F6BF01
A2F1D3C33801DD48
61059EB41683153E
624F98642E38DF4C
F35B65F4BF6A67A1
C5B80C7A0D51526A
8F8F1BA4BCEBD51E
3E8F4A6A64D92EBC
4D452258F4B88C75
8C3198717480E506
D75AE338D369DD83
909054E11E888356
67DF0C64234AA3C8
226CAF0DC5F39EF8
E0320F1E318CA794
C0C6608C5CA1DEA3
23E61A845CABDE33
CA4CF59DDADDE879
9D8DB3861BD81177
37D27039021F6DF7
27701B7AB750AAAD
9ECCCE782DBE0D16
B424AD1706645F63
DFC2A618EA7A0CE2
BAF617C25ACC89C8
AACC426868DDA14C
C50C6402FDC33226
012016EE70C9A226
BD7DCFAF7EF57D02
C008594B9BC5C2E1
3995BD802352F8F1
290DA2F5F1105F23
F5D5EB4D6F4B8303
376515AD018ED4B2
D7F94F9DBC1C6F5D
1506A993CC72B6B3
09693A1CABD22AB9
7C1D1FD6FD150BF5
B3CCAAE6060F5DB7
058259B757CDB3D9
70BFA54CEA821391
0A077BB6FCBCA518
C75F65E4F07B322D
3BE62D920C9CD713
9FF4AC31D24FA459
C2E30750365972A3
52FCF32AAB64ED6D
B75C081E364C6D78
B37FC37311AF877C
614811DF2B1C3A65
7E6E36F2E6B757DB
CD99CFE1CA7DEE26
AD2C0693F4D93654
C609F113A313275F
6BF8A92974319759
1F876C2478638935
E63F00A39FBDAE70
E8802310E109759F
C6E2FA699F9E50BD
B50D3080F3753563
7C4CA1A5C32137DC
78E947907E612508
339F540C092C1366
B1167F83E1FE0CD9
4E5C7051C07D2000
2A735F38061F0A41
CA8857C8B5DF2A9F
2F3AA6D426CAAB64
D0773DFB23DA2859
C90548F2DB23E8B9
A13522D42B6FEBAE
66CFD392F9309DC8
7F245332EA31CEB4
15CE763D1BBBFCBE
29F23D208704F27A
A4E055B3C9AD77D5
E1FC2428B7062918
E0377350A0D40EB6
1BA004FBD88CEF84
BDE66B557C3541EA
7F9CE20275F2C0E4
09B6633F11C2CB7C
D3ACBBD44B0CF4F7
4E34681FEB782596
51D6EB59FAEF6B64
B75E192319A2E070
8B45B0B9745282AD
1449A7A82B5749DA
85C286D39128C9D2
8C390BE163FCD739
1D3453654346E90D
8B9A1507EF8869A0
FA59E342B41997CA
646638A5CA1E5106
6703E4C2B2210364
9CEE0EACEB58DF7F
7D9C5E5C382448E6
302185F0C3BAEC28
AC2B98AC32836D1E
183E256341D212E3
31349D1AE37BF9DA
90C252E38A76A3E0
6F30C0B0216C153A
6A1019271F7D8E3E
246C24A9734A9FCD
55C563141B64701E
367836A471B50B8E
5BDD933A33AAB664
5D45F900E65346D4
8D26CEB010E2A123
B5AA7A1B1368C356
60D8F3E4BF17F129
711E09D936FBA7E9
B31EC9E6E57BFA50
D373FB66C30867C7
1F71150925774EA0
5F66C76F86502C3C
78D958641CF29F66
5A930C32CC6C3818
C1091F426A201B5C
DC5770F0D3A99CFE
8325FF04CC9D8BD5
C96720FEA38DE787
48EBDB3B9D51F2B8
672D3725AE71AAC1
044A98CF507E6E91
5E3103215EDF4694
4A2DB40EB35F337E
72ADEAFA0A32E316
D12DD66B0F1D3773
E97D3107244F6FE2
45401A5D47F711ED
BCE55EE20B373EDA
3943CECE089A9268
B3D9907F2A7340BD
B7368E64AEE3A804
780B4CFF8FB1916B
C9F689206ECC0D26
C4CEA4239AC85576
43EC3E4F25B587BE
25F5ADF630EC4EA1
EC16547E06C7FCBC
9D94E8A12AB40D49
C33446B58525618B
9BDB7BA0E989FF4F
CAD4BFFA9CD4C5C7
1494D59CE74DF095
2172F3092F588437
D92D775140DBA0BE
48F72D3C39A59A88
EC05196BBCD002A6
D8F3EB15472D7847
A30977FC8941C6A9
BAB5632A1480AEDF
148EAC979AAE3F75
B8D5EE50036E8B4D
BB5C31199FD02520
2EA26B84CC910BC9
04189B9BB5F535C5
D50166BA3B48BD2A
55A96DA33CDC9BE5
6AE4650F211255D4
1D3C6666CB9A81A6
D356F60776D56AFB
FC63F81AEC2DA242
C43ECA251722A365
64A4CEFD2F65CB8F
00AF96BA7D327FF5
9B0A1B741B902BB5
638712CC58E2004A
7C6FC3E661BA5A1F
9AA4570E55205A92
85F1CA8776BA13C4
40EBCC3F96F45F47
04D50237E37C9779
B140EE570CD8696C
C70E91C61B31D323
3276345C34B37533
AC99E94E98252CA9
4D09D6117977B668
343E9016A91422D8
5B90EB06BA7C27DF
16892127CCA8CFA3
A8FA9F1BF29FBE54
C6113C3C9CB37151
9800EF6763FF074E
EF914433795F003E
4DC47ED10EB8A550
06CB6C2CFA89541D
B1D3C39B7DD015F3
A998F61C67EAA8A3
49263E2B871016E5
5A31333E2D77838B
313C178F4851E37C
E92A50E79216D9CA
49DE12F18E0BDA3F
DAF5973A31A7DF0A
40AB385F5327CFB4
4A3E48024211450B
A79618AB3680715C
F52303FA2BA0A01B
A4304DC8A0E498B6
959268831CF20736
D6946078AE437FF0
50773A31836FBAF5
B6D1EDC2D5FB19BB
56E943FDF2185B64
88C49763F9A238E7
C7D26F01CF1E57AE
39F39193A1DE81F0
430A254ABFBFA367
0876F47655912DDA
F4E83CEA84EF03EF
C4760AFB15C5B487
E5C0F6A40A13E849
AB6DDD647F8C8954
92F58BE13663FA8F
C2D238B4A45D206D
150ADB97CAA3E6B7
A020C2C87B55986B
8CF9FDD249B9FB2C
90F64A99047355A7
56192AF8724567CE
E974DFD54471BD7D
04631FAE19EA7CCA
83D5AA02500AE431
AD11C199168F2D8F
FB76F1E6517A12DC
E13057BB37942D3F
045DFFACA52C30C0
3D94A1ACEC4F1543
3FEE09668F101D17
F6D3C57C26CF9543
3A6592415EA0DF93
69FBCEAF776BE8D0
1F82286B9B062798
0DF9EF9B81C3EA37
844AD3334AB33A00
F2E3CB5A63944B0C
03CDD35D2B20A89E
1C51A758B1466B6F
711EDEC28A92CB16
6E0A06C7CFD70E64
EC4EACB414AFC956
88D3DE1E10E3F5AA
5625414883DA65BB
12A290FC06A48197
631FD0ACB2413E7E
2420054C2C185285
DD102593FDB1A032
ACAA7460EA517EBE
9D8DE2B443B545C3
0E945017C35457AC
F2169683761DB1AE
0B38207295169DCE
460A00BC234B1923
20C1A3DAF6A74FCE
0984A85A3A9A6677
78702647C7A5B61B
ABBF62618F53F8DE
8A6B382101CB1FC2
C50DB4DB6ACE00ED
FF87AB3AC4507DE3
24275AA207E835AC
D7B9F1DAF6192D32
CF5DF99964D9DB8E
99606AC2FCD53A3A
FCC220F41EEE0856
48E372B08993828D
38C3F660D78EF107
27C625DBF81B8D34
076B9FAB784626CD
